[2024-03-05 02:01:14,880] INFO [org.hibernate.Version: 44] HHH000412: Hibernate ORM core version 6.4.4.Final
[2024-03-05 02:01:15,098] INFO [org.hibernate.cache.internal.RegionFactoryInitiator: 50] HHH000026: Second-level cache disabled
[2024-03-05 02:01:15,187] WARN [org.hibernate.orm.connections.pooling: 81] HHH10001002: Using built-in connection pool (not intended for production use)
[2024-03-05 02:01:15,190] INFO [org.hibernate.orm.connections.pooling: 136] HHH10001005: Loaded JDBC driver class: org.postgresql.Driver
[2024-03-05 02:01:15,190] INFO [org.hibernate.orm.connections.pooling: 158] HHH10001012: Connecting with JDBC URL [jdbc:postgresql://localhost:5433/postgres]
[2024-03-05 02:01:15,190] INFO [org.hibernate.orm.connections.pooling: 167] HHH10001001: Connection properties: {password=****, user=postgres}
[2024-03-05 02:01:15,191] INFO [org.hibernate.orm.connections.pooling: 171] HHH10001003: Autocommit mode: false
[2024-03-05 02:01:15,193] INFO [org.hibernate.orm.connections.pooling: 371] HHH10001115: Connection pool size: 20 (min=1)
[2024-03-05 02:01:16,213] INFO [org.hibernate.engine.transaction.jta.platform.internal.JtaPlatformInitiator: 58] HHH000489: No JTA platform available (set 'hibernate.transaction.jta.platform' to enable JTA platform integration)
[2024-03-05 02:01:16,280] WARN [org.hibernate.engine.jdbc.spi.SqlExceptionHelper: 145] SQL Error: 0, SQLState: 23505
[2024-03-05 02:01:16,281] ERROR [org.hibernate.engine.jdbc.spi.SqlExceptionHelper: 150] ERROR: duplicate key value violates unique constraint "users_pkey"
  Detail: Key (username)=(ivan@gmail.com) already exists.
[2024-03-05 02:01:16,287] INFO [org.hibernate.orm.connections.pooling: 606] HHH10001008: Cleaning up connection pool [jdbc:postgresql://localhost:5433/postgres]
[2024-03-05 02:01:29,724] INFO [org.hibernate.Version: 44] HHH000412: Hibernate ORM core version 6.4.4.Final
[2024-03-05 02:01:29,936] INFO [org.hibernate.cache.internal.RegionFactoryInitiator: 50] HHH000026: Second-level cache disabled
[2024-03-05 02:01:30,021] WARN [org.hibernate.orm.connections.pooling: 81] HHH10001002: Using built-in connection pool (not intended for production use)
[2024-03-05 02:01:30,024] INFO [org.hibernate.orm.connections.pooling: 136] HHH10001005: Loaded JDBC driver class: org.postgresql.Driver
[2024-03-05 02:01:30,025] INFO [org.hibernate.orm.connections.pooling: 158] HHH10001012: Connecting with JDBC URL [jdbc:postgresql://localhost:5433/postgres]
[2024-03-05 02:01:30,025] INFO [org.hibernate.orm.connections.pooling: 167] HHH10001001: Connection properties: {password=****, user=postgres}
[2024-03-05 02:01:30,025] INFO [org.hibernate.orm.connections.pooling: 171] HHH10001003: Autocommit mode: false
[2024-03-05 02:01:30,027] INFO [org.hibernate.orm.connections.pooling: 371] HHH10001115: Connection pool size: 20 (min=1)
[2024-03-05 02:01:31,040] INFO [org.hibernate.engine.transaction.jta.platform.internal.JtaPlatformInitiator: 58] HHH000489: No JTA platform available (set 'hibernate.transaction.jta.platform' to enable JTA platform integration)
[2024-03-05 02:01:31,106] INFO [org.hibernate.orm.connections.pooling: 606] HHH10001008: Cleaning up connection pool [jdbc:postgresql://localhost:5433/postgres]
[2024-03-05 10:19:22,379] INFO [org.hibernate.Version: 44] HHH000412: Hibernate ORM core version 6.4.4.Final
[2024-03-05 10:19:22,622] INFO [org.hibernate.cache.internal.RegionFactoryInitiator: 50] HHH000026: Second-level cache disabled
[2024-03-05 10:19:22,722] WARN [org.hibernate.orm.connections.pooling: 81] HHH10001002: Using built-in connection pool (not intended for production use)
[2024-03-05 10:19:22,726] INFO [org.hibernate.orm.connections.pooling: 136] HHH10001005: Loaded JDBC driver class: org.postgresql.Driver
[2024-03-05 10:19:22,726] INFO [org.hibernate.orm.connections.pooling: 158] HHH10001012: Connecting with JDBC URL [jdbc:postgresql://localhost:5433/postgres]
[2024-03-05 10:19:22,726] INFO [org.hibernate.orm.connections.pooling: 167] HHH10001001: Connection properties: {password=****, user=postgres}
[2024-03-05 10:19:22,726] INFO [org.hibernate.orm.connections.pooling: 171] HHH10001003: Autocommit mode: false
[2024-03-05 10:19:22,729] INFO [org.hibernate.orm.connections.pooling: 371] HHH10001115: Connection pool size: 20 (min=1)
[2024-03-05 10:19:23,828] INFO [org.hibernate.engine.transaction.jta.platform.internal.JtaPlatformInitiator: 58] HHH000489: No JTA platform available (set 'hibernate.transaction.jta.platform' to enable JTA platform integration)
[2024-03-05 10:19:23,896] INFO [org.hibernate.orm.connections.pooling: 606] HHH10001008: Cleaning up connection pool [jdbc:postgresql://localhost:5433/postgres]
[2024-03-05 10:29:02,118] INFO [org.hibernate.Version: 44] HHH000412: Hibernate ORM core version 6.4.4.Final
[2024-03-05 10:29:02,338] INFO [org.hibernate.cache.internal.RegionFactoryInitiator: 50] HHH000026: Second-level cache disabled
[2024-03-05 10:29:02,426] WARN [org.hibernate.orm.connections.pooling: 81] HHH10001002: Using built-in connection pool (not intended for production use)
[2024-03-05 10:29:02,429] INFO [org.hibernate.orm.connections.pooling: 136] HHH10001005: Loaded JDBC driver class: org.postgresql.Driver
[2024-03-05 10:29:02,429] INFO [org.hibernate.orm.connections.pooling: 158] HHH10001012: Connecting with JDBC URL [jdbc:postgresql://localhost:5433/postgres]
[2024-03-05 10:29:02,430] INFO [org.hibernate.orm.connections.pooling: 167] HHH10001001: Connection properties: {password=****, user=postgres}
[2024-03-05 10:29:02,430] INFO [org.hibernate.orm.connections.pooling: 171] HHH10001003: Autocommit mode: false
[2024-03-05 10:29:02,432] INFO [org.hibernate.orm.connections.pooling: 371] HHH10001115: Connection pool size: 20 (min=1)
[2024-03-05 10:29:03,505] INFO [org.hibernate.engine.transaction.jta.platform.internal.JtaPlatformInitiator: 58] HHH000489: No JTA platform available (set 'hibernate.transaction.jta.platform' to enable JTA platform integration)
[2024-03-05 10:29:03,571] INFO [org.hibernate.orm.connections.pooling: 606] HHH10001008: Cleaning up connection pool [jdbc:postgresql://localhost:5433/postgres]
[2024-03-05 10:42:19,102] INFO [org.hibernate.Version: 44] HHH000412: Hibernate ORM core version 6.4.4.Final
[2024-03-05 10:42:19,326] INFO [org.hibernate.cache.internal.RegionFactoryInitiator: 50] HHH000026: Second-level cache disabled
[2024-03-05 10:42:19,417] WARN [org.hibernate.orm.connections.pooling: 81] HHH10001002: Using built-in connection pool (not intended for production use)
[2024-03-05 10:42:19,421] INFO [org.hibernate.orm.connections.pooling: 136] HHH10001005: Loaded JDBC driver class: org.postgresql.Driver
[2024-03-05 10:42:19,421] INFO [org.hibernate.orm.connections.pooling: 158] HHH10001012: Connecting with JDBC URL [jdbc:postgresql://localhost:5433/postgres]
[2024-03-05 10:42:19,422] INFO [org.hibernate.orm.connections.pooling: 167] HHH10001001: Connection properties: {password=****, user=postgres}
[2024-03-05 10:42:19,422] INFO [org.hibernate.orm.connections.pooling: 171] HHH10001003: Autocommit mode: false
[2024-03-05 10:42:19,425] INFO [org.hibernate.orm.connections.pooling: 371] HHH10001115: Connection pool size: 20 (min=1)
[2024-03-05 10:42:20,518] INFO [org.hibernate.engine.transaction.jta.platform.internal.JtaPlatformInitiator: 58] HHH000489: No JTA platform available (set 'hibernate.transaction.jta.platform' to enable JTA platform integration)
[2024-03-05 10:42:20,589] INFO [org.hibernate.orm.connections.pooling: 606] HHH10001008: Cleaning up connection pool [jdbc:postgresql://localhost:5433/postgres]
[2024-03-05 19:06:32,853] INFO [org.hibernate.Version: 44] HHH000412: Hibernate ORM core version 6.4.4.Final
[2024-03-05 19:06:33,075] INFO [org.hibernate.cache.internal.RegionFactoryInitiator: 50] HHH000026: Second-level cache disabled
[2024-03-05 19:06:33,161] WARN [org.hibernate.orm.connections.pooling: 81] HHH10001002: Using built-in connection pool (not intended for production use)
[2024-03-05 19:06:33,165] INFO [org.hibernate.orm.connections.pooling: 136] HHH10001005: Loaded JDBC driver class: org.postgresql.Driver
[2024-03-05 19:06:33,165] INFO [org.hibernate.orm.connections.pooling: 158] HHH10001012: Connecting with JDBC URL [jdbc:postgresql://localhost:5433/postgres]
[2024-03-05 19:06:33,165] INFO [org.hibernate.orm.connections.pooling: 167] HHH10001001: Connection properties: {password=****, user=postgres}
[2024-03-05 19:06:33,165] INFO [org.hibernate.orm.connections.pooling: 171] HHH10001003: Autocommit mode: false
[2024-03-05 19:06:33,168] INFO [org.hibernate.orm.connections.pooling: 371] HHH10001115: Connection pool size: 20 (min=1)
[2024-03-05 19:06:34,324] INFO [org.hibernate.engine.transaction.jta.platform.internal.JtaPlatformInitiator: 58] HHH000489: No JTA platform available (set 'hibernate.transaction.jta.platform' to enable JTA platform integration)
[2024-03-05 19:06:34,396] INFO [org.hibernate.orm.connections.pooling: 606] HHH10001008: Cleaning up connection pool [jdbc:postgresql://localhost:5433/postgres]
[2024-03-05 19:12:48,003] INFO [org.hibernate.Version: 44] HHH000412: Hibernate ORM core version 6.4.4.Final
[2024-03-05 19:12:48,253] INFO [org.hibernate.cache.internal.RegionFactoryInitiator: 50] HHH000026: Second-level cache disabled
[2024-03-05 19:12:48,384] WARN [org.hibernate.orm.connections.pooling: 81] HHH10001002: Using built-in connection pool (not intended for production use)
[2024-03-05 19:12:48,388] INFO [org.hibernate.orm.connections.pooling: 136] HHH10001005: Loaded JDBC driver class: org.postgresql.Driver
[2024-03-05 19:12:48,389] INFO [org.hibernate.orm.connections.pooling: 158] HHH10001012: Connecting with JDBC URL [jdbc:postgresql://localhost:5433/postgres]
[2024-03-05 19:12:48,389] INFO [org.hibernate.orm.connections.pooling: 167] HHH10001001: Connection properties: {password=****, user=postgres}
[2024-03-05 19:12:48,390] INFO [org.hibernate.orm.connections.pooling: 171] HHH10001003: Autocommit mode: false
[2024-03-05 19:12:48,393] INFO [org.hibernate.orm.connections.pooling: 371] HHH10001115: Connection pool size: 20 (min=1)
[2024-03-05 19:12:49,507] INFO [org.hibernate.engine.transaction.jta.platform.internal.JtaPlatformInitiator: 58] HHH000489: No JTA platform available (set 'hibernate.transaction.jta.platform' to enable JTA platform integration)
[2024-03-05 19:12:49,585] INFO [org.hibernate.orm.connections.pooling: 606] HHH10001008: Cleaning up connection pool [jdbc:postgresql://localhost:5433/postgres]
[2024-03-05 19:13:29,813] INFO [org.hibernate.Version: 44] HHH000412: Hibernate ORM core version 6.4.4.Final
[2024-03-05 19:13:30,049] INFO [org.hibernate.cache.internal.RegionFactoryInitiator: 50] HHH000026: Second-level cache disabled
[2024-03-05 19:13:30,137] WARN [org.hibernate.orm.connections.pooling: 81] HHH10001002: Using built-in connection pool (not intended for production use)
[2024-03-05 19:13:30,140] INFO [org.hibernate.orm.connections.pooling: 136] HHH10001005: Loaded JDBC driver class: org.postgresql.Driver
[2024-03-05 19:13:30,140] INFO [org.hibernate.orm.connections.pooling: 158] HHH10001012: Connecting with JDBC URL [jdbc:postgresql://localhost:5433/postgres]
[2024-03-05 19:13:30,140] INFO [org.hibernate.orm.connections.pooling: 167] HHH10001001: Connection properties: {password=****, user=postgres}
[2024-03-05 19:13:30,141] INFO [org.hibernate.orm.connections.pooling: 171] HHH10001003: Autocommit mode: false
[2024-03-05 19:13:30,143] INFO [org.hibernate.orm.connections.pooling: 371] HHH10001115: Connection pool size: 20 (min=1)
[2024-03-05 19:13:31,336] INFO [org.hibernate.engine.transaction.jta.platform.internal.JtaPlatformInitiator: 58] HHH000489: No JTA platform available (set 'hibernate.transaction.jta.platform' to enable JTA platform integration)
[2024-03-05 19:13:31,471] INFO [org.hibernate.orm.connections.pooling: 606] HHH10001008: Cleaning up connection pool [jdbc:postgresql://localhost:5433/postgres]
[2024-03-06 13:06:45,830] INFO [org.hibernate.Version: 44] HHH000412: Hibernate ORM core version 6.4.4.Final
[2024-03-06 13:06:46,056] INFO [org.hibernate.cache.internal.RegionFactoryInitiator: 50] HHH000026: Second-level cache disabled
[2024-03-06 13:06:46,136] WARN [org.hibernate.orm.connections.pooling: 81] HHH10001002: Using built-in connection pool (not intended for production use)
[2024-03-06 13:06:46,141] INFO [org.hibernate.orm.connections.pooling: 136] HHH10001005: Loaded JDBC driver class: org.postgresql.Driver
[2024-03-06 13:06:46,141] INFO [org.hibernate.orm.connections.pooling: 158] HHH10001012: Connecting with JDBC URL [jdbc:postgresql://localhost:5433/postgres]
[2024-03-06 13:06:46,142] INFO [org.hibernate.orm.connections.pooling: 167] HHH10001001: Connection properties: {password=****, user=postgres}
[2024-03-06 13:06:46,142] INFO [org.hibernate.orm.connections.pooling: 171] HHH10001003: Autocommit mode: false
[2024-03-06 13:06:46,145] INFO [org.hibernate.orm.connections.pooling: 371] HHH10001115: Connection pool size: 20 (min=1)
[2024-03-06 13:06:46,189] WARN [org.hibernate.engine.jdbc.env.internal.JdbcEnvironmentInitiator: 345] HHH000342: Could not obtain connection to query metadata
java.lang.IllegalStateException: Cannot get a connection as the driver manager is not properly initialized
	at org.hibernate.engine.jdbc.connections.internal.DriverManagerConnectionProviderImpl.getConnection(DriverManagerConnectionProviderImpl.java:259)
	at org.hibernate.engine.jdbc.env.internal.JdbcEnvironmentInitiator$ConnectionProviderJdbcConnectionAccess.obtainConnection(JdbcEnvironmentInitiator.java:428)
	at org.hibernate.resource.transaction.backend.jdbc.internal.JdbcIsolationDelegate.delegateWork(JdbcIsolationDelegate.java:61)
	at org.hibernate.engine.jdbc.env.internal.JdbcEnvironmentInitiator.getJdbcEnvironmentUsingJdbcMetadata(JdbcEnvironmentInitiator.java:276)
	at org.hibernate.engine.jdbc.env.internal.JdbcEnvironmentInitiator.initiateService(JdbcEnvironmentInitiator.java:107)
	at org.hibernate.engine.jdbc.env.internal.JdbcEnvironmentInitiator.initiateService(JdbcEnvironmentInitiator.java:68)
	at org.hibernate.boot.registry.internal.StandardServiceRegistryImpl.initiateService(StandardServiceRegistryImpl.java:130)
	at org.hibernate.service.internal.AbstractServiceRegistryImpl.createService(AbstractServiceRegistryImpl.java:263)
	at org.hibernate.service.internal.AbstractServiceRegistryImpl.initializeService(AbstractServiceRegistryImpl.java:238)
	at org.hibernate.service.internal.AbstractServiceRegistryImpl.getService(AbstractServiceRegistryImpl.java:215)
	at org.hibernate.engine.jdbc.internal.JdbcServicesImpl.configure(JdbcServicesImpl.java:52)
	at org.hibernate.boot.registry.internal.StandardServiceRegistryImpl.configureService(StandardServiceRegistryImpl.java:136)
	at org.hibernate.service.internal.AbstractServiceRegistryImpl.initializeService(AbstractServiceRegistryImpl.java:247)
	at org.hibernate.service.internal.AbstractServiceRegistryImpl.getService(AbstractServiceRegistryImpl.java:215)
	at org.hibernate.engine.jdbc.connections.internal.BasicConnectionCreator.convertSqlException(BasicConnectionCreator.java:132)
	at org.hibernate.engine.jdbc.connections.internal.DriverConnectionCreator.makeConnection(DriverConnectionCreator.java:43)
	at org.hibernate.engine.jdbc.connections.internal.BasicConnectionCreator.createConnection(BasicConnectionCreator.java:61)
	at org.hibernate.engine.jdbc.connections.internal.DriverManagerConnectionProviderImpl$PooledConnections.addConnections(DriverManagerConnectionProviderImpl.java:499)
	at org.hibernate.engine.jdbc.connections.internal.DriverManagerConnectionProviderImpl$PooledConnections.<init>(DriverManagerConnectionProviderImpl.java:372)
	at org.hibernate.engine.jdbc.connections.internal.DriverManagerConnectionProviderImpl$PooledConnections$Builder.build(DriverManagerConnectionProviderImpl.java:550)
	at org.hibernate.engine.jdbc.connections.internal.DriverManagerConnectionProviderImpl.buildPool(DriverManagerConnectionProviderImpl.java:102)
	at org.hibernate.engine.jdbc.connections.internal.DriverManagerConnectionProviderImpl.configure(DriverManagerConnectionProviderImpl.java:82)
	at org.hibernate.boot.registry.internal.StandardServiceRegistryImpl.configureService(StandardServiceRegistryImpl.java:136)
	at org.hibernate.service.internal.AbstractServiceRegistryImpl.initializeService(AbstractServiceRegistryImpl.java:247)
	at org.hibernate.service.internal.AbstractServiceRegistryImpl.getService(AbstractServiceRegistryImpl.java:215)
	at org.hibernate.engine.jdbc.env.internal.JdbcEnvironmentInitiator.buildJdbcConnectionAccess(JdbcEnvironmentInitiator.java:395)
	at org.hibernate.engine.jdbc.env.internal.JdbcEnvironmentInitiator.getJdbcEnvironmentUsingJdbcMetadata(JdbcEnvironmentInitiator.java:262)
	at org.hibernate.engine.jdbc.env.internal.JdbcEnvironmentInitiator.initiateService(JdbcEnvironmentInitiator.java:107)
	at org.hibernate.engine.jdbc.env.internal.JdbcEnvironmentInitiator.initiateService(JdbcEnvironmentInitiator.java:68)
	at org.hibernate.boot.registry.internal.StandardServiceRegistryImpl.initiateService(StandardServiceRegistryImpl.java:130)
	at org.hibernate.service.internal.AbstractServiceRegistryImpl.createService(AbstractServiceRegistryImpl.java:263)
	at org.hibernate.service.internal.AbstractServiceRegistryImpl.initializeService(AbstractServiceRegistryImpl.java:238)
	at org.hibernate.service.internal.AbstractServiceRegistryImpl.getService(AbstractServiceRegistryImpl.java:215)
	at org.hibernate.boot.model.relational.Database.<init>(Database.java:45)
	at org.hibernate.boot.internal.InFlightMetadataCollectorImpl.getDatabase(InFlightMetadataCollectorImpl.java:223)
	at org.hibernate.boot.internal.InFlightMetadataCollectorImpl.<init>(InFlightMetadataCollectorImpl.java:191)
	at org.hibernate.boot.model.process.spi.MetadataBuildingProcess.complete(MetadataBuildingProcess.java:170)
	at org.hibernate.boot.model.process.spi.MetadataBuildingProcess.build(MetadataBuildingProcess.java:129)
	at org.hibernate.boot.internal.MetadataBuilderImpl.build(MetadataBuilderImpl.java:449)
	at org.hibernate.boot.internal.MetadataBuilderImpl.build(MetadataBuilderImpl.java:101)
	at org.hibernate.cfg.Configuration.buildSessionFactory(Configuration.java:910)
	at org.hibernate.cfg.Configuration.buildSessionFactory(Configuration.java:960)
	at org.example.util.HibernateUtil.buildSessionFactory(HibernateUtil.java:21)
	at org.example.HibernateRunnerTest.oneToMany(HibernateRunnerTest.java:30)
	at java.base/jdk.internal.reflect.DirectMethodHandleAccessor.invoke(DirectMethodHandleAccessor.java:103)
	at java.base/java.lang.reflect.Method.invoke(Method.java:580)
	at org.junit.platform.commons.util.ReflectionUtils.invokeMethod(ReflectionUtils.java:727)
	at org.junit.jupiter.engine.execution.MethodInvocation.proceed(MethodInvocation.java:60)
	at org.junit.jupiter.engine.execution.InvocationInterceptorChain$ValidatingInvocation.proceed(InvocationInterceptorChain.java:131)
	at org.junit.jupiter.engine.extension.TimeoutExtension.intercept(TimeoutExtension.java:156)
	at org.junit.jupiter.engine.extension.TimeoutExtension.interceptTestableMethod(TimeoutExtension.java:147)
	at org.junit.jupiter.engine.extension.TimeoutExtension.interceptTestMethod(TimeoutExtension.java:86)
	at org.junit.jupiter.engine.execution.InterceptingExecutableInvoker$ReflectiveInterceptorCall.lambda$ofVoidMethod$0(InterceptingExecutableInvoker.java:103)
	at org.junit.jupiter.engine.execution.InterceptingExecutableInvoker.lambda$invoke$0(InterceptingExecutableInvoker.java:93)
	at org.junit.jupiter.engine.execution.InvocationInterceptorChain$InterceptedInvocation.proceed(InvocationInterceptorChain.java:106)
	at org.junit.jupiter.engine.execution.InvocationInterceptorChain.proceed(InvocationInterceptorChain.java:64)
	at org.junit.jupiter.engine.execution.InvocationInterceptorChain.chainAndInvoke(InvocationInterceptorChain.java:45)
	at org.junit.jupiter.engine.execution.InvocationInterceptorChain.invoke(InvocationInterceptorChain.java:37)
	at org.junit.jupiter.engine.execution.InterceptingExecutableInvoker.invoke(InterceptingExecutableInvoker.java:92)
	at org.junit.jupiter.engine.execution.InterceptingExecutableInvoker.invoke(InterceptingExecutableInvoker.java:86)
	at org.junit.jupiter.engine.descriptor.TestMethodTestDescriptor.lambda$invokeTestMethod$7(TestMethodTestDescriptor.java:217)
	at org.junit.platform.engine.support.hierarchical.ThrowableCollector.execute(ThrowableCollector.java:73)
	at org.junit.jupiter.engine.descriptor.TestMethodTestDescriptor.invokeTestMethod(TestMethodTestDescriptor.java:213)
	at org.junit.jupiter.engine.descriptor.TestMethodTestDescriptor.execute(TestMethodTestDescriptor.java:138)
	at org.junit.jupiter.engine.descriptor.TestMethodTestDescriptor.execute(TestMethodTestDescriptor.java:68)
	at org.junit.platform.engine.support.hierarchical.NodeTestTask.lambda$executeRecursively$6(NodeTestTask.java:151)
	at org.junit.platform.engine.support.hierarchical.ThrowableCollector.execute(ThrowableCollector.java:73)
	at org.junit.platform.engine.support.hierarchical.NodeTestTask.lambda$executeRecursively$8(NodeTestTask.java:141)
	at org.junit.platform.engine.support.hierarchical.Node.around(Node.java:137)
	at org.junit.platform.engine.support.hierarchical.NodeTestTask.lambda$executeRecursively$9(NodeTestTask.java:139)
	at org.junit.platform.engine.support.hierarchical.ThrowableCollector.execute(ThrowableCollector.java:73)
	at org.junit.platform.engine.support.hierarchical.NodeTestTask.executeRecursively(NodeTestTask.java:138)
	at org.junit.platform.engine.support.hierarchical.NodeTestTask.execute(NodeTestTask.java:95)
	at java.base/java.util.ArrayList.forEach(ArrayList.java:1596)
	at org.junit.platform.engine.support.hierarchical.SameThreadHierarchicalTestExecutorService.invokeAll(SameThreadHierarchicalTestExecutorService.java:41)
	at org.junit.platform.engine.support.hierarchical.NodeTestTask.lambda$executeRecursively$6(NodeTestTask.java:155)
	at org.junit.platform.engine.support.hierarchical.ThrowableCollector.execute(ThrowableCollector.java:73)
	at org.junit.platform.engine.support.hierarchical.NodeTestTask.lambda$executeRecursively$8(NodeTestTask.java:141)
	at org.junit.platform.engine.support.hierarchical.Node.around(Node.java:137)
	at org.junit.platform.engine.support.hierarchical.NodeTestTask.lambda$executeRecursively$9(NodeTestTask.java:139)
	at org.junit.platform.engine.support.hierarchical.ThrowableCollector.execute(ThrowableCollector.java:73)
	at org.junit.platform.engine.support.hierarchical.NodeTestTask.executeRecursively(NodeTestTask.java:138)
	at org.junit.platform.engine.support.hierarchical.NodeTestTask.execute(NodeTestTask.java:95)
	at java.base/java.util.ArrayList.forEach(ArrayList.java:1596)
	at org.junit.platform.engine.support.hierarchical.SameThreadHierarchicalTestExecutorService.invokeAll(SameThreadHierarchicalTestExecutorService.java:41)
	at org.junit.platform.engine.support.hierarchical.NodeTestTask.lambda$executeRecursively$6(NodeTestTask.java:155)
	at org.junit.platform.engine.support.hierarchical.ThrowableCollector.execute(ThrowableCollector.java:73)
	at org.junit.platform.engine.support.hierarchical.NodeTestTask.lambda$executeRecursively$8(NodeTestTask.java:141)
	at org.junit.platform.engine.support.hierarchical.Node.around(Node.java:137)
	at org.junit.platform.engine.support.hierarchical.NodeTestTask.lambda$executeRecursively$9(NodeTestTask.java:139)
	at org.junit.platform.engine.support.hierarchical.ThrowableCollector.execute(ThrowableCollector.java:73)
	at org.junit.platform.engine.support.hierarchical.NodeTestTask.executeRecursively(NodeTestTask.java:138)
	at org.junit.platform.engine.support.hierarchical.NodeTestTask.execute(NodeTestTask.java:95)
	at org.junit.platform.engine.support.hierarchical.SameThreadHierarchicalTestExecutorService.submit(SameThreadHierarchicalTestExecutorService.java:35)
	at org.junit.platform.engine.support.hierarchical.HierarchicalTestExecutor.execute(HierarchicalTestExecutor.java:57)
	at org.junit.platform.engine.support.hierarchical.HierarchicalTestEngine.execute(HierarchicalTestEngine.java:54)
	at org.junit.platform.launcher.core.EngineExecutionOrchestrator.execute(EngineExecutionOrchestrator.java:107)
	at org.junit.platform.launcher.core.EngineExecutionOrchestrator.execute(EngineExecutionOrchestrator.java:88)
	at org.junit.platform.launcher.core.EngineExecutionOrchestrator.lambda$execute$0(EngineExecutionOrchestrator.java:54)
	at org.junit.platform.launcher.core.EngineExecutionOrchestrator.withInterceptedStreams(EngineExecutionOrchestrator.java:67)
	at org.junit.platform.launcher.core.EngineExecutionOrchestrator.execute(EngineExecutionOrchestrator.java:52)
	at org.junit.platform.launcher.core.DefaultLauncher.execute(DefaultLauncher.java:114)
	at org.junit.platform.launcher.core.DefaultLauncher.execute(DefaultLauncher.java:86)
	at org.junit.platform.launcher.core.DefaultLauncherSession$DelegatingLauncher.execute(DefaultLauncherSession.java:86)
	at org.gradle.api.internal.tasks.testing.junitplatform.JUnitPlatformTestClassProcessor$CollectAllTestClassesExecutor.processAllTestClasses(JUnitPlatformTestClassProcessor.java:119)
	at org.gradle.api.internal.tasks.testing.junitplatform.JUnitPlatformTestClassProcessor$CollectAllTestClassesExecutor.access$000(JUnitPlatformTestClassProcessor.java:94)
	at org.gradle.api.internal.tasks.testing.junitplatform.JUnitPlatformTestClassProcessor.stop(JUnitPlatformTestClassProcessor.java:89)
	at org.gradle.api.internal.tasks.testing.SuiteTestClassProcessor.stop(SuiteTestClassProcessor.java:62)
	at java.base/jdk.internal.reflect.DirectMethodHandleAccessor.invoke(DirectMethodHandleAccessor.java:103)
	at java.base/java.lang.reflect.Method.invoke(Method.java:580)
	at org.gradle.internal.dispatch.ReflectionDispatch.dispatch(ReflectionDispatch.java:36)
	at org.gradle.internal.dispatch.ReflectionDispatch.dispatch(ReflectionDispatch.java:24)
	at org.gradle.internal.dispatch.ContextClassLoaderDispatch.dispatch(ContextClassLoaderDispatch.java:33)
	at org.gradle.internal.dispatch.ProxyDispatchAdapter$DispatchingInvocationHandler.invoke(ProxyDispatchAdapter.java:94)
	at jdk.proxy1/jdk.proxy1.$Proxy2.stop(Unknown Source)
	at org.gradle.api.internal.tasks.testing.worker.TestWorker$3.run(TestWorker.java:193)
	at org.gradle.api.internal.tasks.testing.worker.TestWorker.executeAndMaintainThreadName(TestWorker.java:129)
	at org.gradle.api.internal.tasks.testing.worker.TestWorker.execute(TestWorker.java:100)
	at org.gradle.api.internal.tasks.testing.worker.TestWorker.execute(TestWorker.java:60)
	at org.gradle.process.internal.worker.child.ActionExecutionWorker.execute(ActionExecutionWorker.java:56)
	at org.gradle.process.internal.worker.child.SystemApplicationClassLoaderWorker.call(SystemApplicationClassLoaderWorker.java:113)
	at org.gradle.process.internal.worker.child.SystemApplicationClassLoaderWorker.call(SystemApplicationClassLoaderWorker.java:65)
	at worker.org.gradle.process.internal.worker.GradleWorkerMain.run(GradleWorkerMain.java:69)
	at worker.org.gradle.process.internal.worker.GradleWorkerMain.main(GradleWorkerMain.java:74)
[2024-03-06 13:07:51,831] INFO [org.hibernate.Version: 44] HHH000412: Hibernate ORM core version 6.4.4.Final
[2024-03-06 13:07:52,042] INFO [org.hibernate.cache.internal.RegionFactoryInitiator: 50] HHH000026: Second-level cache disabled
[2024-03-06 13:07:52,112] WARN [org.hibernate.orm.connections.pooling: 81] HHH10001002: Using built-in connection pool (not intended for production use)
[2024-03-06 13:07:52,117] INFO [org.hibernate.orm.connections.pooling: 136] HHH10001005: Loaded JDBC driver class: org.postgresql.Driver
[2024-03-06 13:07:52,118] INFO [org.hibernate.orm.connections.pooling: 158] HHH10001012: Connecting with JDBC URL [jdbc:postgresql://localhost:5433/postgres]
[2024-03-06 13:07:52,119] INFO [org.hibernate.orm.connections.pooling: 167] HHH10001001: Connection properties: {password=****, user=postgres}
[2024-03-06 13:07:52,119] INFO [org.hibernate.orm.connections.pooling: 171] HHH10001003: Autocommit mode: false
[2024-03-06 13:07:52,122] INFO [org.hibernate.orm.connections.pooling: 371] HHH10001115: Connection pool size: 20 (min=1)
[2024-03-06 13:07:53,262] INFO [org.hibernate.engine.transaction.jta.platform.internal.JtaPlatformInitiator: 58] HHH000489: No JTA platform available (set 'hibernate.transaction.jta.platform' to enable JTA platform integration)
[2024-03-06 13:07:53,348] INFO [org.hibernate.orm.connections.pooling: 606] HHH10001008: Cleaning up connection pool [jdbc:postgresql://localhost:5433/postgres]
[2024-03-06 13:08:06,442] INFO [org.hibernate.Version: 44] HHH000412: Hibernate ORM core version 6.4.4.Final
[2024-03-06 13:08:06,688] INFO [org.hibernate.cache.internal.RegionFactoryInitiator: 50] HHH000026: Second-level cache disabled
[2024-03-06 13:08:06,759] WARN [org.hibernate.orm.connections.pooling: 81] HHH10001002: Using built-in connection pool (not intended for production use)
[2024-03-06 13:08:06,763] INFO [org.hibernate.orm.connections.pooling: 136] HHH10001005: Loaded JDBC driver class: org.postgresql.Driver
[2024-03-06 13:08:06,764] INFO [org.hibernate.orm.connections.pooling: 158] HHH10001012: Connecting with JDBC URL [jdbc:postgresql://localhost:5433/postgres]
[2024-03-06 13:08:06,764] INFO [org.hibernate.orm.connections.pooling: 167] HHH10001001: Connection properties: {password=****, user=postgres}
[2024-03-06 13:08:06,765] INFO [org.hibernate.orm.connections.pooling: 171] HHH10001003: Autocommit mode: false
[2024-03-06 13:08:06,768] INFO [org.hibernate.orm.connections.pooling: 371] HHH10001115: Connection pool size: 20 (min=1)
[2024-03-06 13:08:07,950] INFO [org.hibernate.engine.transaction.jta.platform.internal.JtaPlatformInitiator: 58] HHH000489: No JTA platform available (set 'hibernate.transaction.jta.platform' to enable JTA platform integration)
[2024-03-06 13:16:10,564] INFO [org.hibernate.Version: 44] HHH000412: Hibernate ORM core version 6.4.4.Final
[2024-03-06 13:16:10,755] INFO [org.hibernate.cache.internal.RegionFactoryInitiator: 50] HHH000026: Second-level cache disabled
[2024-03-06 13:16:10,824] WARN [org.hibernate.orm.connections.pooling: 81] HHH10001002: Using built-in connection pool (not intended for production use)
[2024-03-06 13:16:10,828] INFO [org.hibernate.orm.connections.pooling: 136] HHH10001005: Loaded JDBC driver class: org.postgresql.Driver
[2024-03-06 13:16:10,829] INFO [org.hibernate.orm.connections.pooling: 158] HHH10001012: Connecting with JDBC URL [jdbc:postgresql://localhost:5433/postgres]
[2024-03-06 13:16:10,829] INFO [org.hibernate.orm.connections.pooling: 167] HHH10001001: Connection properties: {password=****, user=postgres}
[2024-03-06 13:16:10,829] INFO [org.hibernate.orm.connections.pooling: 171] HHH10001003: Autocommit mode: false
[2024-03-06 13:16:10,832] INFO [org.hibernate.orm.connections.pooling: 371] HHH10001115: Connection pool size: 20 (min=1)
[2024-03-06 13:16:11,952] INFO [org.hibernate.engine.transaction.jta.platform.internal.JtaPlatformInitiator: 58] HHH000489: No JTA platform available (set 'hibernate.transaction.jta.platform' to enable JTA platform integration)
[2024-03-06 13:16:12,032] INFO [org.hibernate.orm.connections.pooling: 606] HHH10001008: Cleaning up connection pool [jdbc:postgresql://localhost:5433/postgres]
[2024-03-06 16:06:30,635] INFO [org.hibernate.Version: 44] HHH000412: Hibernate ORM core version 6.4.4.Final
[2024-03-06 16:06:30,824] INFO [org.hibernate.cache.internal.RegionFactoryInitiator: 50] HHH000026: Second-level cache disabled
[2024-03-06 16:06:30,894] WARN [org.hibernate.orm.connections.pooling: 81] HHH10001002: Using built-in connection pool (not intended for production use)
[2024-03-06 16:06:30,897] INFO [org.hibernate.orm.connections.pooling: 136] HHH10001005: Loaded JDBC driver class: org.postgresql.Driver
[2024-03-06 16:06:30,898] INFO [org.hibernate.orm.connections.pooling: 158] HHH10001012: Connecting with JDBC URL [jdbc:postgresql://localhost:5433/postgres]
[2024-03-06 16:06:30,898] INFO [org.hibernate.orm.connections.pooling: 167] HHH10001001: Connection properties: {password=****, user=postgres}
[2024-03-06 16:06:30,898] INFO [org.hibernate.orm.connections.pooling: 171] HHH10001003: Autocommit mode: false
[2024-03-06 16:06:30,901] INFO [org.hibernate.orm.connections.pooling: 371] HHH10001115: Connection pool size: 20 (min=1)
[2024-03-06 16:06:31,946] INFO [org.hibernate.engine.transaction.jta.platform.internal.JtaPlatformInitiator: 58] HHH000489: No JTA platform available (set 'hibernate.transaction.jta.platform' to enable JTA platform integration)
[2024-03-06 16:06:32,024] INFO [org.hibernate.orm.connections.pooling: 606] HHH10001008: Cleaning up connection pool [jdbc:postgresql://localhost:5433/postgres]
[2024-03-06 18:55:09,477] INFO [org.hibernate.Version: 44] HHH000412: Hibernate ORM core version 6.4.4.Final
[2024-03-06 18:55:09,696] INFO [org.hibernate.cache.internal.RegionFactoryInitiator: 50] HHH000026: Second-level cache disabled
[2024-03-06 18:55:09,769] WARN [org.hibernate.orm.connections.pooling: 81] HHH10001002: Using built-in connection pool (not intended for production use)
[2024-03-06 18:55:09,774] INFO [org.hibernate.orm.connections.pooling: 136] HHH10001005: Loaded JDBC driver class: org.postgresql.Driver
[2024-03-06 18:55:09,774] INFO [org.hibernate.orm.connections.pooling: 158] HHH10001012: Connecting with JDBC URL [jdbc:postgresql://localhost:5433/postgres]
[2024-03-06 18:55:09,775] INFO [org.hibernate.orm.connections.pooling: 167] HHH10001001: Connection properties: {password=****, user=postgres}
[2024-03-06 18:55:09,776] INFO [org.hibernate.orm.connections.pooling: 171] HHH10001003: Autocommit mode: false
[2024-03-06 18:55:09,778] INFO [org.hibernate.orm.connections.pooling: 371] HHH10001115: Connection pool size: 20 (min=1)
[2024-03-06 18:55:11,042] INFO [org.hibernate.engine.transaction.jta.platform.internal.JtaPlatformInitiator: 58] HHH000489: No JTA platform available (set 'hibernate.transaction.jta.platform' to enable JTA platform integration)
[2024-03-06 18:55:11,124] INFO [org.hibernate.orm.connections.pooling: 606] HHH10001008: Cleaning up connection pool [jdbc:postgresql://localhost:5433/postgres]
[2024-03-06 19:17:28,489] INFO [org.hibernate.Version: 44] HHH000412: Hibernate ORM core version 6.4.4.Final
[2024-03-06 19:17:28,687] INFO [org.hibernate.cache.internal.RegionFactoryInitiator: 50] HHH000026: Second-level cache disabled
[2024-03-06 19:17:28,764] WARN [org.hibernate.orm.connections.pooling: 81] HHH10001002: Using built-in connection pool (not intended for production use)
[2024-03-06 19:17:28,768] INFO [org.hibernate.orm.connections.pooling: 136] HHH10001005: Loaded JDBC driver class: org.postgresql.Driver
[2024-03-06 19:17:28,769] INFO [org.hibernate.orm.connections.pooling: 158] HHH10001012: Connecting with JDBC URL [jdbc:postgresql://localhost:5433/postgres]
[2024-03-06 19:17:28,769] INFO [org.hibernate.orm.connections.pooling: 167] HHH10001001: Connection properties: {password=****, user=postgres}
[2024-03-06 19:17:28,770] INFO [org.hibernate.orm.connections.pooling: 171] HHH10001003: Autocommit mode: false
[2024-03-06 19:17:28,773] INFO [org.hibernate.orm.connections.pooling: 371] HHH10001115: Connection pool size: 20 (min=1)
[2024-03-06 19:17:30,012] INFO [org.hibernate.engine.transaction.jta.platform.internal.JtaPlatformInitiator: 58] HHH000489: No JTA platform available (set 'hibernate.transaction.jta.platform' to enable JTA platform integration)
[2024-03-06 19:17:30,085] INFO [org.hibernate.orm.connections.pooling: 606] HHH10001008: Cleaning up connection pool [jdbc:postgresql://localhost:5433/postgres]
[2024-03-06 20:34:00,128] INFO [org.hibernate.Version: 44] HHH000412: Hibernate ORM core version 6.4.4.Final
[2024-03-06 20:34:00,328] INFO [org.hibernate.cache.internal.RegionFactoryInitiator: 50] HHH000026: Second-level cache disabled
[2024-03-06 20:34:00,400] WARN [org.hibernate.orm.connections.pooling: 81] HHH10001002: Using built-in connection pool (not intended for production use)
[2024-03-06 20:34:00,404] INFO [org.hibernate.orm.connections.pooling: 136] HHH10001005: Loaded JDBC driver class: org.postgresql.Driver
[2024-03-06 20:34:00,405] INFO [org.hibernate.orm.connections.pooling: 158] HHH10001012: Connecting with JDBC URL [jdbc:postgresql://localhost:5433/postgres]
[2024-03-06 20:34:00,405] INFO [org.hibernate.orm.connections.pooling: 167] HHH10001001: Connection properties: {password=****, user=postgres}
[2024-03-06 20:34:00,405] INFO [org.hibernate.orm.connections.pooling: 171] HHH10001003: Autocommit mode: false
[2024-03-06 20:34:00,408] INFO [org.hibernate.orm.connections.pooling: 371] HHH10001115: Connection pool size: 20 (min=1)
[2024-03-06 20:34:01,517] INFO [org.hibernate.engine.transaction.jta.platform.internal.JtaPlatformInitiator: 58] HHH000489: No JTA platform available (set 'hibernate.transaction.jta.platform' to enable JTA platform integration)
[2024-03-06 20:34:01,638] INFO [org.hibernate.orm.connections.pooling: 606] HHH10001008: Cleaning up connection pool [jdbc:postgresql://localhost:5433/postgres]
[2024-03-06 20:52:06,726] INFO [org.hibernate.Version: 44] HHH000412: Hibernate ORM core version 6.4.4.Final
[2024-03-06 20:52:06,914] INFO [org.hibernate.cache.internal.RegionFactoryInitiator: 50] HHH000026: Second-level cache disabled
[2024-03-06 20:52:06,986] WARN [org.hibernate.orm.connections.pooling: 81] HHH10001002: Using built-in connection pool (not intended for production use)
[2024-03-06 20:52:06,990] INFO [org.hibernate.orm.connections.pooling: 136] HHH10001005: Loaded JDBC driver class: org.postgresql.Driver
[2024-03-06 20:52:06,991] INFO [org.hibernate.orm.connections.pooling: 158] HHH10001012: Connecting with JDBC URL [jdbc:postgresql://localhost:5433/postgres]
[2024-03-06 20:52:06,991] INFO [org.hibernate.orm.connections.pooling: 167] HHH10001001: Connection properties: {password=****, user=postgres}
[2024-03-06 20:52:06,992] INFO [org.hibernate.orm.connections.pooling: 171] HHH10001003: Autocommit mode: false
[2024-03-06 20:52:06,994] INFO [org.hibernate.orm.connections.pooling: 371] HHH10001115: Connection pool size: 20 (min=1)
[2024-03-06 20:52:08,168] INFO [org.hibernate.engine.transaction.jta.platform.internal.JtaPlatformInitiator: 58] HHH000489: No JTA platform available (set 'hibernate.transaction.jta.platform' to enable JTA platform integration)
[2024-03-06 20:52:08,254] WARN [org.hibernate.engine.jdbc.spi.SqlExceptionHelper: 145] SQL Error: 0, SQLState: 42703
[2024-03-06 20:52:08,254] ERROR [org.hibernate.engine.jdbc.spi.SqlExceptionHelper: 150] ERROR: column uc1_0.createdat does not exist
  Hint: Perhaps you meant to reference the column "uc1_0.created_at".
  Position: 31
[2024-03-06 20:52:08,258] INFO [org.hibernate.orm.connections.pooling: 606] HHH10001008: Cleaning up connection pool [jdbc:postgresql://localhost:5433/postgres]
[2024-03-06 20:53:31,925] INFO [org.hibernate.Version: 44] HHH000412: Hibernate ORM core version 6.4.4.Final
[2024-03-06 20:53:32,121] INFO [org.hibernate.cache.internal.RegionFactoryInitiator: 50] HHH000026: Second-level cache disabled
[2024-03-06 20:53:32,193] WARN [org.hibernate.orm.connections.pooling: 81] HHH10001002: Using built-in connection pool (not intended for production use)
[2024-03-06 20:53:32,197] INFO [org.hibernate.orm.connections.pooling: 136] HHH10001005: Loaded JDBC driver class: org.postgresql.Driver
[2024-03-06 20:53:32,197] INFO [org.hibernate.orm.connections.pooling: 158] HHH10001012: Connecting with JDBC URL [jdbc:postgresql://localhost:5433/postgres]
[2024-03-06 20:53:32,198] INFO [org.hibernate.orm.connections.pooling: 167] HHH10001001: Connection properties: {password=****, user=postgres}
[2024-03-06 20:53:32,198] INFO [org.hibernate.orm.connections.pooling: 171] HHH10001003: Autocommit mode: false
[2024-03-06 20:53:32,201] INFO [org.hibernate.orm.connections.pooling: 371] HHH10001115: Connection pool size: 20 (min=1)
[2024-03-06 20:53:33,371] INFO [org.hibernate.engine.transaction.jta.platform.internal.JtaPlatformInitiator: 58] HHH000489: No JTA platform available (set 'hibernate.transaction.jta.platform' to enable JTA platform integration)
[2024-03-06 20:53:33,505] INFO [org.hibernate.orm.connections.pooling: 606] HHH10001008: Cleaning up connection pool [jdbc:postgresql://localhost:5433/postgres]
[2024-03-08 12:55:48,970] INFO [org.hibernate.Version: 44] HHH000412: Hibernate ORM core version 6.4.4.Final
[2024-03-08 12:55:49,202] INFO [org.hibernate.cache.internal.RegionFactoryInitiator: 50] HHH000026: Second-level cache disabled
[2024-03-08 12:55:49,281] WARN [org.hibernate.orm.connections.pooling: 81] HHH10001002: Using built-in connection pool (not intended for production use)
[2024-03-08 12:55:49,286] INFO [org.hibernate.orm.connections.pooling: 136] HHH10001005: Loaded JDBC driver class: org.postgresql.Driver
[2024-03-08 12:55:49,287] INFO [org.hibernate.orm.connections.pooling: 158] HHH10001012: Connecting with JDBC URL [jdbc:postgresql://localhost:5433/postgres]
[2024-03-08 12:55:49,287] INFO [org.hibernate.orm.connections.pooling: 167] HHH10001001: Connection properties: {password=****, user=postgres}
[2024-03-08 12:55:49,288] INFO [org.hibernate.orm.connections.pooling: 171] HHH10001003: Autocommit mode: false
[2024-03-08 12:55:49,291] INFO [org.hibernate.orm.connections.pooling: 371] HHH10001115: Connection pool size: 20 (min=1)
[2024-03-08 12:55:50,568] INFO [org.hibernate.engine.transaction.jta.platform.internal.JtaPlatformInitiator: 58] HHH000489: No JTA platform available (set 'hibernate.transaction.jta.platform' to enable JTA platform integration)
[2024-03-08 12:55:50,651] WARN [org.hibernate.engine.jdbc.spi.SqlExceptionHelper: 145] SQL Error: 0, SQLState: 42P01
[2024-03-08 12:55:50,652] ERROR [org.hibernate.engine.jdbc.spi.SqlExceptionHelper: 150] ERROR: relation "company_locales" does not exist
  Position: 56
[2024-03-08 12:55:50,656] INFO [org.hibernate.orm.connections.pooling: 606] HHH10001008: Cleaning up connection pool [jdbc:postgresql://localhost:5433/postgres]
[2024-03-08 14:42:08,946] INFO [org.hibernate.Version: 44] HHH000412: Hibernate ORM core version 6.4.4.Final
[2024-03-08 14:42:09,162] INFO [org.hibernate.cache.internal.RegionFactoryInitiator: 50] HHH000026: Second-level cache disabled
[2024-03-08 14:42:09,229] WARN [org.hibernate.orm.connections.pooling: 81] HHH10001002: Using built-in connection pool (not intended for production use)
[2024-03-08 14:42:09,233] INFO [org.hibernate.orm.connections.pooling: 136] HHH10001005: Loaded JDBC driver class: org.postgresql.Driver
[2024-03-08 14:42:09,233] INFO [org.hibernate.orm.connections.pooling: 158] HHH10001012: Connecting with JDBC URL [jdbc:postgresql://localhost:5433/postgres]
[2024-03-08 14:42:09,234] INFO [org.hibernate.orm.connections.pooling: 167] HHH10001001: Connection properties: {password=****, user=postgres}
[2024-03-08 14:42:09,234] INFO [org.hibernate.orm.connections.pooling: 171] HHH10001003: Autocommit mode: false
[2024-03-08 14:42:09,236] INFO [org.hibernate.orm.connections.pooling: 371] HHH10001115: Connection pool size: 20 (min=1)
[2024-03-08 14:42:10,360] INFO [org.hibernate.engine.transaction.jta.platform.internal.JtaPlatformInitiator: 58] HHH000489: No JTA platform available (set 'hibernate.transaction.jta.platform' to enable JTA platform integration)
[2024-03-08 14:42:10,455] INFO [org.hibernate.orm.connections.pooling: 606] HHH10001008: Cleaning up connection pool [jdbc:postgresql://localhost:5433/postgres]
[2024-03-08 14:51:19,443] INFO [org.hibernate.Version: 44] HHH000412: Hibernate ORM core version 6.4.4.Final
[2024-03-08 14:51:19,660] INFO [org.hibernate.cache.internal.RegionFactoryInitiator: 50] HHH000026: Second-level cache disabled
[2024-03-08 14:51:19,730] WARN [org.hibernate.orm.connections.pooling: 81] HHH10001002: Using built-in connection pool (not intended for production use)
[2024-03-08 14:51:19,734] INFO [org.hibernate.orm.connections.pooling: 136] HHH10001005: Loaded JDBC driver class: org.postgresql.Driver
[2024-03-08 14:51:19,734] INFO [org.hibernate.orm.connections.pooling: 158] HHH10001012: Connecting with JDBC URL [jdbc:postgresql://localhost:5433/postgres]
[2024-03-08 14:51:19,735] INFO [org.hibernate.orm.connections.pooling: 167] HHH10001001: Connection properties: {password=****, user=postgres}
[2024-03-08 14:51:19,736] INFO [org.hibernate.orm.connections.pooling: 171] HHH10001003: Autocommit mode: false
[2024-03-08 14:51:19,738] INFO [org.hibernate.orm.connections.pooling: 371] HHH10001115: Connection pool size: 20 (min=1)
[2024-03-08 14:51:20,958] INFO [org.hibernate.engine.transaction.jta.platform.internal.JtaPlatformInitiator: 58] HHH000489: No JTA platform available (set 'hibernate.transaction.jta.platform' to enable JTA platform integration)
[2024-03-08 14:51:21,062] INFO [org.hibernate.orm.connections.pooling: 606] HHH10001008: Cleaning up connection pool [jdbc:postgresql://localhost:5433/postgres]
[2024-03-08 16:37:37,517] INFO [org.hibernate.Version: 44] HHH000412: Hibernate ORM core version 6.4.4.Final
[2024-03-08 16:37:37,754] INFO [org.hibernate.cache.internal.RegionFactoryInitiator: 50] HHH000026: Second-level cache disabled
[2024-03-08 16:37:37,838] WARN [org.hibernate.orm.connections.pooling: 81] HHH10001002: Using built-in connection pool (not intended for production use)
[2024-03-08 16:37:37,841] INFO [org.hibernate.orm.connections.pooling: 136] HHH10001005: Loaded JDBC driver class: org.h2.Driver
[2024-03-08 16:37:37,841] INFO [org.hibernate.orm.connections.pooling: 158] HHH10001012: Connecting with JDBC URL [jdbc:h2:mem:test_mem]
[2024-03-08 16:37:37,842] INFO [org.hibernate.orm.connections.pooling: 167] HHH10001001: Connection properties: {password=****, user=}
[2024-03-08 16:37:37,843] INFO [org.hibernate.orm.connections.pooling: 171] HHH10001003: Autocommit mode: false
[2024-03-08 16:37:37,845] INFO [org.hibernate.orm.connections.pooling: 371] HHH10001115: Connection pool size: 20 (min=1)
[2024-03-08 16:37:37,982] WARN [org.hibernate.orm.deprecation: 153] HHH90000025: H2Dialect does not need to be specified explicitly using 'hibernate.dialect' (remove the property setting and it will be selected by default)
[2024-03-08 16:37:38,173] INFO [org.hibernate.orm.connections.pooling: 606] HHH10001008: Cleaning up connection pool [jdbc:h2:mem:test_mem]
[2024-03-08 16:38:32,159] INFO [org.hibernate.Version: 44] HHH000412: Hibernate ORM core version 6.4.4.Final
[2024-03-08 16:38:32,372] INFO [org.hibernate.cache.internal.RegionFactoryInitiator: 50] HHH000026: Second-level cache disabled
[2024-03-08 16:38:32,442] WARN [org.hibernate.orm.connections.pooling: 81] HHH10001002: Using built-in connection pool (not intended for production use)
[2024-03-08 16:38:32,444] INFO [org.hibernate.orm.connections.pooling: 136] HHH10001005: Loaded JDBC driver class: org.h2.Driver
[2024-03-08 16:38:32,445] INFO [org.hibernate.orm.connections.pooling: 158] HHH10001012: Connecting with JDBC URL [jdbc:h2:mem:test_mem]
[2024-03-08 16:38:32,446] INFO [org.hibernate.orm.connections.pooling: 167] HHH10001001: Connection properties: {password=****, user=}
[2024-03-08 16:38:32,446] INFO [org.hibernate.orm.connections.pooling: 171] HHH10001003: Autocommit mode: false
[2024-03-08 16:38:32,448] INFO [org.hibernate.orm.connections.pooling: 371] HHH10001115: Connection pool size: 20 (min=1)
[2024-03-08 16:38:32,576] WARN [org.hibernate.orm.deprecation: 153] HHH90000025: H2Dialect does not need to be specified explicitly using 'hibernate.dialect' (remove the property setting and it will be selected by default)
[2024-03-08 16:38:33,638] INFO [org.hibernate.engine.transaction.jta.platform.internal.JtaPlatformInitiator: 58] HHH000489: No JTA platform available (set 'hibernate.transaction.jta.platform' to enable JTA platform integration)
[2024-03-08 16:38:33,651] INFO [org.hibernate.orm.connections.access: 52] HHH10001501: Connection obtained from JdbcConnectionAccess [org.hibernate.engine.jdbc.env.internal.JdbcEnvironmentInitiator$ConnectionProviderJdbcConnectionAccess@280484c7] for (non-JTA) DDL execution was not in auto-commit mode; the Connection 'local transaction' will be committed and the Connection will be set into auto-commit mode.
[2024-03-08 16:38:33,662] INFO [org.hibernate.orm.connections.access: 52] HHH10001501: Connection obtained from JdbcConnectionAccess [org.hibernate.engine.jdbc.env.internal.JdbcEnvironmentInitiator$ConnectionProviderJdbcConnectionAccess@6e981e78] for (non-JTA) DDL execution was not in auto-commit mode; the Connection 'local transaction' will be committed and the Connection will be set into auto-commit mode.
[2024-03-08 16:38:33,775] INFO [org.hibernate.orm.connections.pooling: 606] HHH10001008: Cleaning up connection pool [jdbc:h2:mem:test_mem]
[2024-03-08 18:30:02,664] INFO [org.hibernate.Version: 44] HHH000412: Hibernate ORM core version 6.4.4.Final
[2024-03-08 18:30:02,859] INFO [org.hibernate.cache.internal.RegionFactoryInitiator: 50] HHH000026: Second-level cache disabled
[2024-03-08 18:30:02,932] WARN [org.hibernate.orm.connections.pooling: 81] HHH10001002: Using built-in connection pool (not intended for production use)
[2024-03-08 18:30:02,935] INFO [org.hibernate.orm.connections.pooling: 136] HHH10001005: Loaded JDBC driver class: org.h2.Driver
[2024-03-08 18:30:02,936] INFO [org.hibernate.orm.connections.pooling: 158] HHH10001012: Connecting with JDBC URL [jdbc:h2:mem:test_mem]
[2024-03-08 18:30:02,936] INFO [org.hibernate.orm.connections.pooling: 167] HHH10001001: Connection properties: {password=****, user=}
[2024-03-08 18:30:02,937] INFO [org.hibernate.orm.connections.pooling: 171] HHH10001003: Autocommit mode: false
[2024-03-08 18:30:02,939] INFO [org.hibernate.orm.connections.pooling: 371] HHH10001115: Connection pool size: 20 (min=1)
[2024-03-08 18:30:03,073] WARN [org.hibernate.orm.deprecation: 153] HHH90000025: H2Dialect does not need to be specified explicitly using 'hibernate.dialect' (remove the property setting and it will be selected by default)
[2024-03-08 18:30:04,148] INFO [org.hibernate.engine.transaction.jta.platform.internal.JtaPlatformInitiator: 58] HHH000489: No JTA platform available (set 'hibernate.transaction.jta.platform' to enable JTA platform integration)
[2024-03-08 18:30:04,161] INFO [org.hibernate.orm.connections.access: 52] HHH10001501: Connection obtained from JdbcConnectionAccess [org.hibernate.engine.jdbc.env.internal.JdbcEnvironmentInitiator$ConnectionProviderJdbcConnectionAccess@7878bbdb] for (non-JTA) DDL execution was not in auto-commit mode; the Connection 'local transaction' will be committed and the Connection will be set into auto-commit mode.
[2024-03-08 18:30:04,169] INFO [org.hibernate.orm.connections.access: 52] HHH10001501: Connection obtained from JdbcConnectionAccess [org.hibernate.engine.jdbc.env.internal.JdbcEnvironmentInitiator$ConnectionProviderJdbcConnectionAccess@4b09d1c3] for (non-JTA) DDL execution was not in auto-commit mode; the Connection 'local transaction' will be committed and the Connection will be set into auto-commit mode.
[2024-03-08 18:30:04,324] INFO [org.hibernate.orm.connections.pooling: 606] HHH10001008: Cleaning up connection pool [jdbc:h2:mem:test_mem]
[2024-03-08 18:44:53,727] INFO [org.hibernate.Version: 44] HHH000412: Hibernate ORM core version 6.4.4.Final
[2024-03-08 18:44:53,961] INFO [org.hibernate.cache.internal.RegionFactoryInitiator: 50] HHH000026: Second-level cache disabled
[2024-03-08 18:44:54,040] WARN [org.hibernate.orm.connections.pooling: 81] HHH10001002: Using built-in connection pool (not intended for production use)
[2024-03-08 18:44:54,043] INFO [org.hibernate.orm.connections.pooling: 136] HHH10001005: Loaded JDBC driver class: org.h2.Driver
[2024-03-08 18:44:54,043] INFO [org.hibernate.orm.connections.pooling: 158] HHH10001012: Connecting with JDBC URL [jdbc:h2:mem:test_mem]
[2024-03-08 18:44:54,044] INFO [org.hibernate.orm.connections.pooling: 167] HHH10001001: Connection properties: {password=****, user=}
[2024-03-08 18:44:54,045] INFO [org.hibernate.orm.connections.pooling: 171] HHH10001003: Autocommit mode: false
[2024-03-08 18:44:54,047] INFO [org.hibernate.orm.connections.pooling: 371] HHH10001115: Connection pool size: 20 (min=1)
[2024-03-08 18:44:54,204] WARN [org.hibernate.orm.deprecation: 153] HHH90000025: H2Dialect does not need to be specified explicitly using 'hibernate.dialect' (remove the property setting and it will be selected by default)
[2024-03-08 18:44:55,302] INFO [org.hibernate.engine.transaction.jta.platform.internal.JtaPlatformInitiator: 58] HHH000489: No JTA platform available (set 'hibernate.transaction.jta.platform' to enable JTA platform integration)
[2024-03-08 18:44:55,314] INFO [org.hibernate.orm.connections.access: 52] HHH10001501: Connection obtained from JdbcConnectionAccess [org.hibernate.engine.jdbc.env.internal.JdbcEnvironmentInitiator$ConnectionProviderJdbcConnectionAccess@3bf5911d] for (non-JTA) DDL execution was not in auto-commit mode; the Connection 'local transaction' will be committed and the Connection will be set into auto-commit mode.
[2024-03-08 18:44:55,322] INFO [org.hibernate.orm.connections.access: 52] HHH10001501: Connection obtained from JdbcConnectionAccess [org.hibernate.engine.jdbc.env.internal.JdbcEnvironmentInitiator$ConnectionProviderJdbcConnectionAccess@1c43df76] for (non-JTA) DDL execution was not in auto-commit mode; the Connection 'local transaction' will be committed and the Connection will be set into auto-commit mode.
[2024-03-08 18:44:55,489] INFO [org.hibernate.orm.connections.pooling: 606] HHH10001008: Cleaning up connection pool [jdbc:h2:mem:test_mem]
[2024-03-09 10:53:56,764] WARN [org.testcontainers.utility.TestcontainersConfiguration: 346] Attempted to read Testcontainers configuration file at file:/home/inkerinmaa/.testcontainers.properties but the file was not found. Exception message: FileNotFoundException: /home/inkerinmaa/.testcontainers.properties (No such file or directory)
[2024-03-09 10:53:56,776] INFO [org.testcontainers.dockerclient.DockerMachineClientProviderStrategy: 58] docker-machine executable was not found on PATH ([/home/inkerinmaa/.config/bspwm/scripts, /home/inkerinmaa/.local/bin, /usr/local/sbin, /usr/local/bin, /usr/bin, /usr/lib/jvm/default/bin, /usr/bin/site_perl, /usr/bin/vendor_perl, /usr/bin/core_perl])
[2024-03-09 10:53:57,099] INFO [org.testcontainers.dockerclient.DockerClientProviderStrategy: 158] Found Docker environment with local Unix socket (unix:///var/run/docker.sock)
[2024-03-09 10:53:57,118] INFO [org.testcontainers.DockerClientFactory: 179] Docker host IP address is localhost
[2024-03-09 10:53:57,140] INFO [org.testcontainers.DockerClientFactory: 191] Connected to docker: 
  Server Version: 25.0.3
  API Version: 1.44
  Operating System: Arch Linux
  Total Memory: 15312 MB
[2024-03-09 10:53:57,144] INFO [org.testcontainers.utility.ImageNameSubstitutor: 50] Image name substitution will be performed by: DefaultImageNameSubstitutor (composite of 'ConfigurationFileImageNameSubstitutor' and 'PrefixingImageNameSubstitutor')
[2024-03-09 10:53:57,157] INFO [org.testcontainers.utility.RegistryAuthLocator: 148] Failure when attempting to lookup auth config. Please ignore if you don't have images in an authenticated registry. Details: (dockerImageName: testcontainers/ryuk:0.3.1, configFile: /home/inkerinmaa/.docker/config.json. Falling back to docker-java default behaviour. Exception message: /home/inkerinmaa/.docker/config.json (No such file or directory)
[2024-03-09 10:54:03,240] INFO [org.testcontainers.DockerClientFactory: 38] Starting to pull image
[2024-03-09 10:54:03,254] INFO [org.testcontainers.DockerClientFactory: 85] Pulling image layers:  0 pending,  0 downloaded,  0 extracted, (0 bytes/0 bytes)
[2024-03-09 10:54:08,919] INFO [org.testcontainers.DockerClientFactory: 85] Pulling image layers:  2 pending,  1 downloaded,  0 extracted, (860 KB/? MB)
[2024-03-09 10:54:13,857] INFO [org.testcontainers.DockerClientFactory: 85] Pulling image layers:  1 pending,  2 downloaded,  0 extracted, (2 MB/? MB)
[2024-03-09 10:54:19,701] INFO [org.testcontainers.DockerClientFactory: 85] Pulling image layers:  0 pending,  3 downloaded,  0 extracted, (4 MB/5 MB)
[2024-03-09 10:54:19,798] INFO [org.testcontainers.DockerClientFactory: 85] Pulling image layers:  0 pending,  3 downloaded,  1 extracted, (5 MB/5 MB)
[2024-03-09 10:54:19,948] INFO [org.testcontainers.DockerClientFactory: 85] Pulling image layers:  0 pending,  3 downloaded,  2 extracted, (5 MB/5 MB)
[2024-03-09 10:54:20,021] INFO [org.testcontainers.DockerClientFactory: 85] Pulling image layers:  0 pending,  3 downloaded,  3 extracted, (5 MB/5 MB)
[2024-03-09 10:54:20,030] INFO [org.testcontainers.DockerClientFactory: 106] Pull complete. 3 layers, pulled in 16s (downloaded 5 MB at 333 KB/s)
[2024-03-09 10:54:20,399] INFO [org.testcontainers.DockerClientFactory: 209] Ryuk started - will monitor and terminate Testcontainers containers on JVM exit
[2024-03-09 10:54:20,400] INFO [org.testcontainers.DockerClientFactory: 220] Checking the system...
[2024-03-09 10:54:20,401] INFO [org.testcontainers.DockerClientFactory: 294]  Docker server version should be at least 1.6.0
[2024-03-09 10:54:20,470] INFO [org.testcontainers.DockerClientFactory: 294]  Docker environment should have more than 2GB free disk space
[2024-03-09 10:54:20,481] INFO [ [postgres:13]: 72] Pulling docker image: postgres:13. Please be patient; this may take some time but only needs to be done once.
[2024-03-09 10:54:23,097] INFO [ [postgres:13]: 38] Starting to pull image
[2024-03-09 10:54:23,098] INFO [ [postgres:13]: 85] Pulling image layers:  0 pending,  0 downloaded,  0 extracted, (0 bytes/0 bytes)
[2024-03-09 10:54:24,573] INFO [ [postgres:13]: 85] Pulling image layers: 13 pending,  1 downloaded,  0 extracted, (1 KB/? MB)
[2024-03-09 10:54:24,592] INFO [ [postgres:13]: 85] Pulling image layers: 13 pending,  1 downloaded,  1 extracted, (1 KB/? MB)
[2024-03-09 10:54:26,871] INFO [ [postgres:13]: 85] Pulling image layers: 12 pending,  2 downloaded,  1 extracted, (1 MB/? MB)
[2024-03-09 10:54:36,034] INFO [ [postgres:13]: 85] Pulling image layers: 11 pending,  3 downloaded,  1 extracted, (7 MB/? MB)
[2024-03-09 10:54:37,270] INFO [ [postgres:13]: 85] Pulling image layers: 10 pending,  4 downloaded,  1 extracted, (8 MB/? MB)
[2024-03-09 10:54:37,300] INFO [ [postgres:13]: 85] Pulling image layers:  9 pending,  5 downloaded,  1 extracted, (8 MB/? MB)
[2024-03-09 10:54:37,471] INFO [ [postgres:13]: 85] Pulling image layers:  9 pending,  5 downloaded,  2 extracted, (8 MB/? MB)
[2024-03-09 10:54:37,528] INFO [ [postgres:13]: 85] Pulling image layers:  9 pending,  5 downloaded,  3 extracted, (8 MB/? MB)
[2024-03-09 10:54:38,086] INFO [ [postgres:13]: 85] Pulling image layers:  8 pending,  6 downloaded,  3 extracted, (9 MB/? MB)
[2024-03-09 10:54:41,941] INFO [ [postgres:13]: 85] Pulling image layers:  7 pending,  7 downloaded,  3 extracted, (11 MB/? MB)
[2024-03-09 10:54:43,503] INFO [ [postgres:13]: 85] Pulling image layers:  6 pending,  8 downloaded,  3 extracted, (15 MB/? MB)
[2024-03-09 10:54:45,945] INFO [ [postgres:13]: 85] Pulling image layers:  5 pending,  9 downloaded,  3 extracted, (19 MB/? MB)
[2024-03-09 10:54:49,088] INFO [ [postgres:13]: 85] Pulling image layers:  4 pending, 10 downloaded,  3 extracted, (22 MB/? MB)
[2024-03-09 10:54:51,855] INFO [ [postgres:13]: 85] Pulling image layers:  3 pending, 11 downloaded,  3 extracted, (24 MB/? MB)
[2024-03-09 10:54:53,283] INFO [ [postgres:13]: 85] Pulling image layers:  2 pending, 12 downloaded,  3 extracted, (25 MB/? MB)
[2024-03-09 10:54:53,638] INFO [ [postgres:13]: 85] Pulling image layers:  2 pending, 12 downloaded,  4 extracted, (25 MB/? MB)
[2024-03-09 10:54:53,702] INFO [ [postgres:13]: 85] Pulling image layers:  2 pending, 12 downloaded,  5 extracted, (25 MB/? MB)
[2024-03-09 10:54:53,716] INFO [ [postgres:13]: 85] Pulling image layers:  2 pending, 12 downloaded,  6 extracted, (25 MB/? MB)
[2024-03-09 10:54:53,727] INFO [ [postgres:13]: 85] Pulling image layers:  2 pending, 12 downloaded,  7 extracted, (25 MB/? MB)
[2024-03-09 10:57:19,772] INFO [ [postgres:13]: 85] Pulling image layers:  1 pending, 13 downloaded,  7 extracted, (113 MB/? MB)
[2024-03-09 10:57:23,121] INFO [ [postgres:13]: 85] Pulling image layers:  1 pending, 13 downloaded,  8 extracted, (114 MB/? MB)
[2024-03-09 10:57:23,135] INFO [ [postgres:13]: 85] Pulling image layers:  1 pending, 13 downloaded,  9 extracted, (114 MB/? MB)
[2024-03-09 10:57:23,147] INFO [ [postgres:13]: 85] Pulling image layers:  1 pending, 13 downloaded, 10 extracted, (114 MB/? MB)
[2024-03-09 10:57:23,189] INFO [ [postgres:13]: 85] Pulling image layers:  1 pending, 13 downloaded, 11 extracted, (114 MB/? MB)
[2024-03-09 10:57:23,202] INFO [ [postgres:13]: 85] Pulling image layers:  1 pending, 13 downloaded, 12 extracted, (114 MB/? MB)
[2024-03-09 10:57:23,214] INFO [ [postgres:13]: 85] Pulling image layers:  1 pending, 13 downloaded, 13 extracted, (114 MB/? MB)
[2024-03-09 10:57:23,225] INFO [ [postgres:13]: 106] Pull complete. 14 layers, pulled in 180s (downloaded 114 MB at 649 KB/s)
[2024-03-09 10:57:23,237] INFO [ [postgres:13]: 361] Creating container for image: postgres:13
[2024-03-09 10:57:23,261] INFO [ [postgres:13]: 422] Starting container with ID: 794ecdd44732aa468df916bb05893b8fc35f6386e9044d5c99779e1b626595ac
[2024-03-09 10:57:23,468] INFO [ [postgres:13]: 426] Container postgres:13 is starting: 794ecdd44732aa468df916bb05893b8fc35f6386e9044d5c99779e1b626595ac
[2024-03-09 10:57:24,435] INFO [ [postgres:13]: 501] Container postgres:13 started in PT3M3.964014988S
[2024-03-09 10:57:24,488] INFO [org.hibernate.Version: 44] HHH000412: Hibernate ORM core version 6.4.4.Final
[2024-03-09 10:57:24,724] INFO [org.hibernate.cache.internal.RegionFactoryInitiator: 50] HHH000026: Second-level cache disabled
[2024-03-09 10:57:24,800] WARN [org.hibernate.orm.connections.pooling: 81] HHH10001002: Using built-in connection pool (not intended for production use)
[2024-03-09 10:57:24,802] INFO [org.hibernate.orm.connections.pooling: 136] HHH10001005: Loaded JDBC driver class: org.h2.Driver
[2024-03-09 10:57:24,803] INFO [org.hibernate.orm.connections.pooling: 158] HHH10001012: Connecting with JDBC URL [jdbc:h2:mem:test_mem]
[2024-03-09 10:57:24,803] INFO [org.hibernate.orm.connections.pooling: 167] HHH10001001: Connection properties: {password=****, user=}
[2024-03-09 10:57:24,804] INFO [org.hibernate.orm.connections.pooling: 171] HHH10001003: Autocommit mode: false
[2024-03-09 10:57:24,806] INFO [org.hibernate.orm.connections.pooling: 371] HHH10001115: Connection pool size: 20 (min=1)
[2024-03-09 10:57:24,919] WARN [org.hibernate.orm.deprecation: 153] HHH90000025: H2Dialect does not need to be specified explicitly using 'hibernate.dialect' (remove the property setting and it will be selected by default)
[2024-03-09 10:57:25,132] INFO [org.hibernate.orm.connections.pooling: 606] HHH10001008: Cleaning up connection pool [jdbc:h2:mem:test_mem]
[2024-03-09 11:01:52,061] INFO [org.testcontainers.dockerclient.DockerClientProviderStrategy: 136] Loaded org.testcontainers.dockerclient.UnixSocketClientProviderStrategy from ~/.testcontainers.properties, will try it first
[2024-03-09 11:01:52,378] INFO [org.testcontainers.dockerclient.DockerClientProviderStrategy: 158] Found Docker environment with local Unix socket (unix:///var/run/docker.sock)
[2024-03-09 11:01:52,380] INFO [org.testcontainers.DockerClientFactory: 179] Docker host IP address is localhost
[2024-03-09 11:01:52,405] INFO [org.testcontainers.DockerClientFactory: 191] Connected to docker: 
  Server Version: 25.0.3
  API Version: 1.44
  Operating System: Arch Linux
  Total Memory: 15312 MB
[2024-03-09 11:01:52,408] INFO [org.testcontainers.utility.ImageNameSubstitutor: 50] Image name substitution will be performed by: DefaultImageNameSubstitutor (composite of 'ConfigurationFileImageNameSubstitutor' and 'PrefixingImageNameSubstitutor')
[2024-03-09 11:01:52,438] INFO [org.testcontainers.utility.RegistryAuthLocator: 148] Failure when attempting to lookup auth config. Please ignore if you don't have images in an authenticated registry. Details: (dockerImageName: testcontainers/ryuk:0.3.1, configFile: /home/inkerinmaa/.docker/config.json. Falling back to docker-java default behaviour. Exception message: /home/inkerinmaa/.docker/config.json (No such file or directory)
[2024-03-09 11:01:52,816] INFO [org.testcontainers.DockerClientFactory: 209] Ryuk started - will monitor and terminate Testcontainers containers on JVM exit
[2024-03-09 11:01:52,816] INFO [org.testcontainers.DockerClientFactory: 220] Checking the system...
[2024-03-09 11:01:52,817] INFO [org.testcontainers.DockerClientFactory: 294]  Docker server version should be at least 1.6.0
[2024-03-09 11:01:52,886] INFO [org.testcontainers.DockerClientFactory: 294]  Docker environment should have more than 2GB free disk space
[2024-03-09 11:01:52,895] INFO [ [postgres:13]: 361] Creating container for image: postgres:13
[2024-03-09 11:01:52,924] INFO [ [postgres:13]: 422] Starting container with ID: e219b929dc78904949c2e1733d142eb9fcb399e865eebc2ee37b82faaba7be79
[2024-03-09 11:01:53,201] INFO [ [postgres:13]: 426] Container postgres:13 is starting: e219b929dc78904949c2e1733d142eb9fcb399e865eebc2ee37b82faaba7be79
[2024-03-09 11:01:54,158] INFO [ [postgres:13]: 501] Container postgres:13 started in PT1.270753882S
[2024-03-09 11:01:54,208] INFO [org.hibernate.Version: 44] HHH000412: Hibernate ORM core version 6.4.4.Final
[2024-03-09 11:01:54,415] INFO [org.hibernate.cache.internal.RegionFactoryInitiator: 50] HHH000026: Second-level cache disabled
[2024-03-09 11:01:54,495] WARN [org.hibernate.orm.connections.pooling: 81] HHH10001002: Using built-in connection pool (not intended for production use)
[2024-03-09 11:01:54,498] INFO [org.hibernate.orm.connections.pooling: 136] HHH10001005: Loaded JDBC driver class: org.h2.Driver
[2024-03-09 11:01:54,498] INFO [org.hibernate.orm.connections.pooling: 158] HHH10001012: Connecting with JDBC URL [jdbc:h2:mem:test_mem]
[2024-03-09 11:01:54,499] INFO [org.hibernate.orm.connections.pooling: 167] HHH10001001: Connection properties: {password=****, user=}
[2024-03-09 11:01:54,499] INFO [org.hibernate.orm.connections.pooling: 171] HHH10001003: Autocommit mode: false
[2024-03-09 11:01:54,502] INFO [org.hibernate.orm.connections.pooling: 371] HHH10001115: Connection pool size: 20 (min=1)
[2024-03-09 11:01:54,615] WARN [org.hibernate.orm.deprecation: 153] HHH90000025: H2Dialect does not need to be specified explicitly using 'hibernate.dialect' (remove the property setting and it will be selected by default)
[2024-03-09 11:01:54,829] INFO [org.hibernate.orm.connections.pooling: 606] HHH10001008: Cleaning up connection pool [jdbc:h2:mem:test_mem]
[2024-03-09 11:03:25,235] INFO [org.testcontainers.dockerclient.DockerClientProviderStrategy: 136] Loaded org.testcontainers.dockerclient.UnixSocketClientProviderStrategy from ~/.testcontainers.properties, will try it first
[2024-03-09 11:03:25,547] INFO [org.testcontainers.dockerclient.DockerClientProviderStrategy: 158] Found Docker environment with local Unix socket (unix:///var/run/docker.sock)
[2024-03-09 11:03:25,549] INFO [org.testcontainers.DockerClientFactory: 179] Docker host IP address is localhost
[2024-03-09 11:03:25,572] INFO [org.testcontainers.DockerClientFactory: 191] Connected to docker: 
  Server Version: 25.0.3
  API Version: 1.44
  Operating System: Arch Linux
  Total Memory: 15312 MB
[2024-03-09 11:03:25,575] INFO [org.testcontainers.utility.ImageNameSubstitutor: 50] Image name substitution will be performed by: DefaultImageNameSubstitutor (composite of 'ConfigurationFileImageNameSubstitutor' and 'PrefixingImageNameSubstitutor')
[2024-03-09 11:03:25,606] INFO [org.testcontainers.utility.RegistryAuthLocator: 148] Failure when attempting to lookup auth config. Please ignore if you don't have images in an authenticated registry. Details: (dockerImageName: testcontainers/ryuk:0.3.1, configFile: /home/inkerinmaa/.docker/config.json. Falling back to docker-java default behaviour. Exception message: /home/inkerinmaa/.docker/config.json (No such file or directory)
[2024-03-09 11:03:26,046] INFO [org.testcontainers.DockerClientFactory: 209] Ryuk started - will monitor and terminate Testcontainers containers on JVM exit
[2024-03-09 11:03:26,046] INFO [org.testcontainers.DockerClientFactory: 220] Checking the system...
[2024-03-09 11:03:26,047] INFO [org.testcontainers.DockerClientFactory: 294]  Docker server version should be at least 1.6.0
[2024-03-09 11:03:26,130] INFO [org.testcontainers.DockerClientFactory: 294]  Docker environment should have more than 2GB free disk space
[2024-03-09 11:03:26,139] INFO [ [postgres:13]: 361] Creating container for image: postgres:13
[2024-03-09 11:03:26,170] INFO [ [postgres:13]: 422] Starting container with ID: e9e4072624cce6183b57a085e3a3913c490038e40539d0ffba33acc663e06012
[2024-03-09 11:03:26,428] INFO [ [postgres:13]: 426] Container postgres:13 is starting: e9e4072624cce6183b57a085e3a3913c490038e40539d0ffba33acc663e06012
[2024-03-09 11:03:27,372] INFO [ [postgres:13]: 501] Container postgres:13 started in PT1.240712281S
[2024-03-09 11:03:27,419] INFO [org.hibernate.Version: 44] HHH000412: Hibernate ORM core version 6.4.4.Final
[2024-03-09 11:03:27,610] INFO [org.hibernate.cache.internal.RegionFactoryInitiator: 50] HHH000026: Second-level cache disabled
[2024-03-09 11:03:27,686] WARN [org.hibernate.orm.connections.pooling: 81] HHH10001002: Using built-in connection pool (not intended for production use)
[2024-03-09 11:03:27,688] INFO [org.hibernate.orm.connections.pooling: 136] HHH10001005: Loaded JDBC driver class: org.h2.Driver
[2024-03-09 11:03:27,689] INFO [org.hibernate.orm.connections.pooling: 158] HHH10001012: Connecting with JDBC URL [jdbc:h2:mem:test_mem]
[2024-03-09 11:03:27,689] INFO [org.hibernate.orm.connections.pooling: 167] HHH10001001: Connection properties: {password=****, user=}
[2024-03-09 11:03:27,689] INFO [org.hibernate.orm.connections.pooling: 171] HHH10001003: Autocommit mode: false
[2024-03-09 11:03:27,691] INFO [org.hibernate.orm.connections.pooling: 371] HHH10001115: Connection pool size: 20 (min=1)
[2024-03-09 11:03:27,803] WARN [org.hibernate.orm.deprecation: 153] HHH90000025: H2Dialect does not need to be specified explicitly using 'hibernate.dialect' (remove the property setting and it will be selected by default)
[2024-03-09 11:03:28,038] INFO [org.hibernate.orm.connections.pooling: 606] HHH10001008: Cleaning up connection pool [jdbc:h2:mem:test_mem]
[2024-03-09 11:04:14,275] INFO [org.testcontainers.dockerclient.DockerClientProviderStrategy: 136] Loaded org.testcontainers.dockerclient.UnixSocketClientProviderStrategy from ~/.testcontainers.properties, will try it first
[2024-03-09 11:04:14,607] INFO [org.testcontainers.dockerclient.DockerClientProviderStrategy: 158] Found Docker environment with local Unix socket (unix:///var/run/docker.sock)
[2024-03-09 11:04:14,609] INFO [org.testcontainers.DockerClientFactory: 179] Docker host IP address is localhost
[2024-03-09 11:04:14,636] INFO [org.testcontainers.DockerClientFactory: 191] Connected to docker: 
  Server Version: 25.0.3
  API Version: 1.44
  Operating System: Arch Linux
  Total Memory: 15312 MB
[2024-03-09 11:04:14,639] INFO [org.testcontainers.utility.ImageNameSubstitutor: 50] Image name substitution will be performed by: DefaultImageNameSubstitutor (composite of 'ConfigurationFileImageNameSubstitutor' and 'PrefixingImageNameSubstitutor')
[2024-03-09 11:04:14,671] INFO [org.testcontainers.utility.RegistryAuthLocator: 148] Failure when attempting to lookup auth config. Please ignore if you don't have images in an authenticated registry. Details: (dockerImageName: testcontainers/ryuk:0.3.1, configFile: /home/inkerinmaa/.docker/config.json. Falling back to docker-java default behaviour. Exception message: /home/inkerinmaa/.docker/config.json (No such file or directory)
[2024-03-09 11:04:15,075] INFO [org.testcontainers.DockerClientFactory: 209] Ryuk started - will monitor and terminate Testcontainers containers on JVM exit
[2024-03-09 11:04:15,076] INFO [org.testcontainers.DockerClientFactory: 220] Checking the system...
[2024-03-09 11:04:15,077] INFO [org.testcontainers.DockerClientFactory: 294]  Docker server version should be at least 1.6.0
[2024-03-09 11:04:15,137] INFO [org.testcontainers.DockerClientFactory: 294]  Docker environment should have more than 2GB free disk space
[2024-03-09 11:04:15,146] INFO [ [postgres:13]: 361] Creating container for image: postgres:13
[2024-03-09 11:04:15,175] INFO [ [postgres:13]: 422] Starting container with ID: d5cbf4642858ddf439da4dbed4ae234813a34c9076b8aeea2624599ea1583a86
[2024-03-09 11:04:15,399] INFO [ [postgres:13]: 426] Container postgres:13 is starting: d5cbf4642858ddf439da4dbed4ae234813a34c9076b8aeea2624599ea1583a86
[2024-03-09 11:04:16,341] INFO [ [postgres:13]: 501] Container postgres:13 started in PT1.20166772S
[2024-03-09 11:04:16,393] INFO [org.hibernate.Version: 44] HHH000412: Hibernate ORM core version 6.4.4.Final
[2024-03-09 11:04:16,584] INFO [org.hibernate.cache.internal.RegionFactoryInitiator: 50] HHH000026: Second-level cache disabled
[2024-03-09 11:04:16,653] WARN [org.hibernate.orm.connections.pooling: 81] HHH10001002: Using built-in connection pool (not intended for production use)
[2024-03-09 11:04:16,655] INFO [org.hibernate.orm.connections.pooling: 136] HHH10001005: Loaded JDBC driver class: org.h2.Driver
[2024-03-09 11:04:16,655] INFO [org.hibernate.orm.connections.pooling: 158] HHH10001012: Connecting with JDBC URL [jdbc:h2:mem:test_mem]
[2024-03-09 11:04:16,656] INFO [org.hibernate.orm.connections.pooling: 167] HHH10001001: Connection properties: {password=****, user=}
[2024-03-09 11:04:16,656] INFO [org.hibernate.orm.connections.pooling: 171] HHH10001003: Autocommit mode: false
[2024-03-09 11:04:16,658] INFO [org.hibernate.orm.connections.pooling: 371] HHH10001115: Connection pool size: 20 (min=1)
[2024-03-09 11:04:16,764] WARN [org.hibernate.orm.deprecation: 153] HHH90000025: H2Dialect does not need to be specified explicitly using 'hibernate.dialect' (remove the property setting and it will be selected by default)
[2024-03-09 11:04:17,002] INFO [org.hibernate.orm.connections.pooling: 606] HHH10001008: Cleaning up connection pool [jdbc:h2:mem:test_mem]
[2024-03-09 11:05:17,153] INFO [org.testcontainers.dockerclient.DockerClientProviderStrategy: 136] Loaded org.testcontainers.dockerclient.UnixSocketClientProviderStrategy from ~/.testcontainers.properties, will try it first
[2024-03-09 11:05:17,477] INFO [org.testcontainers.dockerclient.DockerClientProviderStrategy: 158] Found Docker environment with local Unix socket (unix:///var/run/docker.sock)
[2024-03-09 11:05:17,479] INFO [org.testcontainers.DockerClientFactory: 179] Docker host IP address is localhost
[2024-03-09 11:05:17,505] INFO [org.testcontainers.DockerClientFactory: 191] Connected to docker: 
  Server Version: 25.0.3
  API Version: 1.44
  Operating System: Arch Linux
  Total Memory: 15312 MB
[2024-03-09 11:05:17,507] INFO [org.testcontainers.utility.ImageNameSubstitutor: 50] Image name substitution will be performed by: DefaultImageNameSubstitutor (composite of 'ConfigurationFileImageNameSubstitutor' and 'PrefixingImageNameSubstitutor')
[2024-03-09 11:05:17,547] INFO [org.testcontainers.utility.RegistryAuthLocator: 148] Failure when attempting to lookup auth config. Please ignore if you don't have images in an authenticated registry. Details: (dockerImageName: testcontainers/ryuk:0.3.1, configFile: /home/inkerinmaa/.docker/config.json. Falling back to docker-java default behaviour. Exception message: /home/inkerinmaa/.docker/config.json (No such file or directory)
[2024-03-09 11:05:17,978] INFO [org.testcontainers.DockerClientFactory: 209] Ryuk started - will monitor and terminate Testcontainers containers on JVM exit
[2024-03-09 11:05:17,978] INFO [org.testcontainers.DockerClientFactory: 220] Checking the system...
[2024-03-09 11:05:17,979] INFO [org.testcontainers.DockerClientFactory: 294]  Docker server version should be at least 1.6.0
[2024-03-09 11:05:18,050] INFO [org.testcontainers.DockerClientFactory: 294]  Docker environment should have more than 2GB free disk space
[2024-03-09 11:05:18,060] INFO [ [postgres:13]: 361] Creating container for image: postgres:13
[2024-03-09 11:05:18,089] INFO [ [postgres:13]: 422] Starting container with ID: 42646e5343e2c2f49078abc651d28a1020f5084100d2d1f54113749cd2875453
[2024-03-09 11:05:18,311] INFO [ [postgres:13]: 426] Container postgres:13 is starting: 42646e5343e2c2f49078abc651d28a1020f5084100d2d1f54113749cd2875453
[2024-03-09 11:05:19,246] INFO [ [postgres:13]: 501] Container postgres:13 started in PT1.194337179S
[2024-03-09 11:05:19,292] INFO [org.hibernate.Version: 44] HHH000412: Hibernate ORM core version 6.4.4.Final
[2024-03-09 11:05:19,469] INFO [org.hibernate.cache.internal.RegionFactoryInitiator: 50] HHH000026: Second-level cache disabled
[2024-03-09 11:05:19,537] WARN [org.hibernate.orm.connections.pooling: 81] HHH10001002: Using built-in connection pool (not intended for production use)
[2024-03-09 11:05:19,539] INFO [org.hibernate.orm.connections.pooling: 136] HHH10001005: Loaded JDBC driver class: org.h2.Driver
[2024-03-09 11:05:19,540] INFO [org.hibernate.orm.connections.pooling: 158] HHH10001012: Connecting with JDBC URL [jdbc:h2:mem:test_mem]
[2024-03-09 11:05:19,540] INFO [org.hibernate.orm.connections.pooling: 167] HHH10001001: Connection properties: {password=****, user=}
[2024-03-09 11:05:19,541] INFO [org.hibernate.orm.connections.pooling: 171] HHH10001003: Autocommit mode: false
[2024-03-09 11:05:19,543] INFO [org.hibernate.orm.connections.pooling: 371] HHH10001115: Connection pool size: 20 (min=1)
[2024-03-09 11:05:19,651] WARN [org.hibernate.orm.deprecation: 153] HHH90000025: H2Dialect does not need to be specified explicitly using 'hibernate.dialect' (remove the property setting and it will be selected by default)
[2024-03-09 11:05:20,656] INFO [org.hibernate.engine.transaction.jta.platform.internal.JtaPlatformInitiator: 58] HHH000489: No JTA platform available (set 'hibernate.transaction.jta.platform' to enable JTA platform integration)
[2024-03-09 11:05:20,668] INFO [org.hibernate.orm.connections.access: 52] HHH10001501: Connection obtained from JdbcConnectionAccess [org.hibernate.engine.jdbc.env.internal.JdbcEnvironmentInitiator$ConnectionProviderJdbcConnectionAccess@7846913f] for (non-JTA) DDL execution was not in auto-commit mode; the Connection 'local transaction' will be committed and the Connection will be set into auto-commit mode.
[2024-03-09 11:05:20,677] INFO [org.hibernate.orm.connections.access: 52] HHH10001501: Connection obtained from JdbcConnectionAccess [org.hibernate.engine.jdbc.env.internal.JdbcEnvironmentInitiator$ConnectionProviderJdbcConnectionAccess@2270f58d] for (non-JTA) DDL execution was not in auto-commit mode; the Connection 'local transaction' will be committed and the Connection will be set into auto-commit mode.
[2024-03-09 11:05:21,284] INFO [org.hibernate.orm.connections.pooling: 606] HHH10001008: Cleaning up connection pool [jdbc:h2:mem:test_mem]
[2024-03-09 12:11:41,008] INFO [org.testcontainers.dockerclient.DockerClientProviderStrategy: 136] Loaded org.testcontainers.dockerclient.UnixSocketClientProviderStrategy from ~/.testcontainers.properties, will try it first
[2024-03-09 12:11:41,340] INFO [org.testcontainers.dockerclient.DockerClientProviderStrategy: 158] Found Docker environment with local Unix socket (unix:///var/run/docker.sock)
[2024-03-09 12:11:41,342] INFO [org.testcontainers.DockerClientFactory: 179] Docker host IP address is localhost
[2024-03-09 12:11:41,364] INFO [org.testcontainers.DockerClientFactory: 191] Connected to docker: 
  Server Version: 25.0.3
  API Version: 1.44
  Operating System: Arch Linux
  Total Memory: 15312 MB
[2024-03-09 12:11:41,367] INFO [org.testcontainers.utility.ImageNameSubstitutor: 50] Image name substitution will be performed by: DefaultImageNameSubstitutor (composite of 'ConfigurationFileImageNameSubstitutor' and 'PrefixingImageNameSubstitutor')
[2024-03-09 12:11:41,403] INFO [org.testcontainers.utility.RegistryAuthLocator: 148] Failure when attempting to lookup auth config. Please ignore if you don't have images in an authenticated registry. Details: (dockerImageName: testcontainers/ryuk:0.3.1, configFile: /home/inkerinmaa/.docker/config.json. Falling back to docker-java default behaviour. Exception message: /home/inkerinmaa/.docker/config.json (No such file or directory)
[2024-03-09 12:11:41,806] INFO [org.testcontainers.DockerClientFactory: 209] Ryuk started - will monitor and terminate Testcontainers containers on JVM exit
[2024-03-09 12:11:41,806] INFO [org.testcontainers.DockerClientFactory: 220] Checking the system...
[2024-03-09 12:11:41,807] INFO [org.testcontainers.DockerClientFactory: 294]  Docker server version should be at least 1.6.0
[2024-03-09 12:11:41,889] INFO [org.testcontainers.DockerClientFactory: 294]  Docker environment should have more than 2GB free disk space
[2024-03-09 12:11:41,897] INFO [ [postgres:13]: 361] Creating container for image: postgres:13
[2024-03-09 12:11:41,924] INFO [ [postgres:13]: 422] Starting container with ID: 8a4d6db7a8df003eecdffb904aa4a76b77217e67b6493a249d833e9b2e644053
[2024-03-09 12:11:42,165] INFO [ [postgres:13]: 426] Container postgres:13 is starting: 8a4d6db7a8df003eecdffb904aa4a76b77217e67b6493a249d833e9b2e644053
[2024-03-09 12:11:43,101] INFO [ [postgres:13]: 501] Container postgres:13 started in PT1.210017386S
[2024-03-09 12:11:43,151] INFO [org.hibernate.Version: 44] HHH000412: Hibernate ORM core version 6.4.4.Final
[2024-03-09 12:11:43,346] INFO [org.hibernate.cache.internal.RegionFactoryInitiator: 50] HHH000026: Second-level cache disabled
[2024-03-09 12:11:43,421] WARN [org.hibernate.orm.connections.pooling: 81] HHH10001002: Using built-in connection pool (not intended for production use)
[2024-03-09 12:11:43,424] INFO [org.hibernate.orm.connections.pooling: 136] HHH10001005: Loaded JDBC driver class: org.h2.Driver
[2024-03-09 12:11:43,425] INFO [org.hibernate.orm.connections.pooling: 158] HHH10001012: Connecting with JDBC URL [jdbc:h2:mem:test_mem]
[2024-03-09 12:11:43,425] INFO [org.hibernate.orm.connections.pooling: 167] HHH10001001: Connection properties: {password=****, user=}
[2024-03-09 12:11:43,425] INFO [org.hibernate.orm.connections.pooling: 171] HHH10001003: Autocommit mode: false
[2024-03-09 12:11:43,428] INFO [org.hibernate.orm.connections.pooling: 371] HHH10001115: Connection pool size: 20 (min=1)
[2024-03-09 12:11:43,539] WARN [org.hibernate.orm.deprecation: 153] HHH90000025: H2Dialect does not need to be specified explicitly using 'hibernate.dialect' (remove the property setting and it will be selected by default)
[2024-03-09 12:11:44,521] INFO [org.hibernate.engine.transaction.jta.platform.internal.JtaPlatformInitiator: 58] HHH000489: No JTA platform available (set 'hibernate.transaction.jta.platform' to enable JTA platform integration)
[2024-03-09 12:11:44,534] INFO [org.hibernate.orm.connections.access: 52] HHH10001501: Connection obtained from JdbcConnectionAccess [org.hibernate.engine.jdbc.env.internal.JdbcEnvironmentInitiator$ConnectionProviderJdbcConnectionAccess@66abb2fa] for (non-JTA) DDL execution was not in auto-commit mode; the Connection 'local transaction' will be committed and the Connection will be set into auto-commit mode.
[2024-03-09 12:11:44,542] INFO [org.hibernate.orm.connections.access: 52] HHH10001501: Connection obtained from JdbcConnectionAccess [org.hibernate.engine.jdbc.env.internal.JdbcEnvironmentInitiator$ConnectionProviderJdbcConnectionAccess@7323c38c] for (non-JTA) DDL execution was not in auto-commit mode; the Connection 'local transaction' will be committed and the Connection will be set into auto-commit mode.
[2024-03-09 12:11:45,213] INFO [org.hibernate.orm.connections.pooling: 606] HHH10001008: Cleaning up connection pool [jdbc:h2:mem:test_mem]
[2024-03-09 12:32:18,983] INFO [org.testcontainers.dockerclient.DockerClientProviderStrategy: 136] Loaded org.testcontainers.dockerclient.UnixSocketClientProviderStrategy from ~/.testcontainers.properties, will try it first
[2024-03-09 12:32:19,304] INFO [org.testcontainers.dockerclient.DockerClientProviderStrategy: 158] Found Docker environment with local Unix socket (unix:///var/run/docker.sock)
[2024-03-09 12:32:19,305] INFO [org.testcontainers.DockerClientFactory: 179] Docker host IP address is localhost
[2024-03-09 12:32:19,333] INFO [org.testcontainers.DockerClientFactory: 191] Connected to docker: 
  Server Version: 25.0.3
  API Version: 1.44
  Operating System: Arch Linux
  Total Memory: 15312 MB
[2024-03-09 12:32:19,336] INFO [org.testcontainers.utility.ImageNameSubstitutor: 50] Image name substitution will be performed by: DefaultImageNameSubstitutor (composite of 'ConfigurationFileImageNameSubstitutor' and 'PrefixingImageNameSubstitutor')
[2024-03-09 12:32:19,372] INFO [org.testcontainers.utility.RegistryAuthLocator: 148] Failure when attempting to lookup auth config. Please ignore if you don't have images in an authenticated registry. Details: (dockerImageName: testcontainers/ryuk:0.3.1, configFile: /home/inkerinmaa/.docker/config.json. Falling back to docker-java default behaviour. Exception message: /home/inkerinmaa/.docker/config.json (No such file or directory)
[2024-03-09 12:32:19,773] INFO [org.testcontainers.DockerClientFactory: 209] Ryuk started - will monitor and terminate Testcontainers containers on JVM exit
[2024-03-09 12:32:19,773] INFO [org.testcontainers.DockerClientFactory: 220] Checking the system...
[2024-03-09 12:32:19,774] INFO [org.testcontainers.DockerClientFactory: 294]  Docker server version should be at least 1.6.0
[2024-03-09 12:32:19,840] INFO [org.testcontainers.DockerClientFactory: 294]  Docker environment should have more than 2GB free disk space
[2024-03-09 12:32:19,850] INFO [ [postgres:13]: 361] Creating container for image: postgres:13
[2024-03-09 12:32:19,878] INFO [ [postgres:13]: 422] Starting container with ID: cce9c1515c94bb032888b31c41cb7e9b5c02a88af97299f94217946b8b6d9908
[2024-03-09 12:32:20,145] INFO [ [postgres:13]: 426] Container postgres:13 is starting: cce9c1515c94bb032888b31c41cb7e9b5c02a88af97299f94217946b8b6d9908
[2024-03-09 12:32:21,101] INFO [ [postgres:13]: 501] Container postgres:13 started in PT1.259351873S
[2024-03-09 12:32:21,153] INFO [org.hibernate.Version: 44] HHH000412: Hibernate ORM core version 6.4.4.Final
[2024-03-09 12:32:21,351] INFO [org.hibernate.cache.internal.RegionFactoryInitiator: 50] HHH000026: Second-level cache disabled
[2024-03-09 12:32:21,421] WARN [org.hibernate.orm.connections.pooling: 81] HHH10001002: Using built-in connection pool (not intended for production use)
[2024-03-09 12:32:21,423] INFO [org.hibernate.orm.connections.pooling: 136] HHH10001005: Loaded JDBC driver class: org.h2.Driver
[2024-03-09 12:32:21,424] INFO [org.hibernate.orm.connections.pooling: 158] HHH10001012: Connecting with JDBC URL [jdbc:h2:mem:test_mem]
[2024-03-09 12:32:21,424] INFO [org.hibernate.orm.connections.pooling: 167] HHH10001001: Connection properties: {password=****, user=}
[2024-03-09 12:32:21,425] INFO [org.hibernate.orm.connections.pooling: 171] HHH10001003: Autocommit mode: false
[2024-03-09 12:32:21,427] INFO [org.hibernate.orm.connections.pooling: 371] HHH10001115: Connection pool size: 20 (min=1)
[2024-03-09 12:32:21,540] WARN [org.hibernate.orm.deprecation: 153] HHH90000025: H2Dialect does not need to be specified explicitly using 'hibernate.dialect' (remove the property setting and it will be selected by default)
[2024-03-09 12:32:22,542] INFO [org.hibernate.engine.transaction.jta.platform.internal.JtaPlatformInitiator: 58] HHH000489: No JTA platform available (set 'hibernate.transaction.jta.platform' to enable JTA platform integration)
[2024-03-09 12:32:22,554] INFO [org.hibernate.orm.connections.access: 52] HHH10001501: Connection obtained from JdbcConnectionAccess [org.hibernate.engine.jdbc.env.internal.JdbcEnvironmentInitiator$ConnectionProviderJdbcConnectionAccess@24ac6fef] for (non-JTA) DDL execution was not in auto-commit mode; the Connection 'local transaction' will be committed and the Connection will be set into auto-commit mode.
[2024-03-09 12:32:22,563] INFO [org.hibernate.orm.connections.access: 52] HHH10001501: Connection obtained from JdbcConnectionAccess [org.hibernate.engine.jdbc.env.internal.JdbcEnvironmentInitiator$ConnectionProviderJdbcConnectionAccess@3c62be3c] for (non-JTA) DDL execution was not in auto-commit mode; the Connection 'local transaction' will be committed and the Connection will be set into auto-commit mode.
[2024-03-09 12:32:22,848] INFO [org.hibernate.orm.connections.pooling: 606] HHH10001008: Cleaning up connection pool [jdbc:h2:mem:test_mem]
[2024-03-09 12:45:45,821] INFO [org.testcontainers.dockerclient.DockerClientProviderStrategy: 136] Loaded org.testcontainers.dockerclient.UnixSocketClientProviderStrategy from ~/.testcontainers.properties, will try it first
[2024-03-09 12:45:46,137] INFO [org.testcontainers.dockerclient.DockerClientProviderStrategy: 158] Found Docker environment with local Unix socket (unix:///var/run/docker.sock)
[2024-03-09 12:45:46,139] INFO [org.testcontainers.DockerClientFactory: 179] Docker host IP address is localhost
[2024-03-09 12:45:46,162] INFO [org.testcontainers.DockerClientFactory: 191] Connected to docker: 
  Server Version: 25.0.3
  API Version: 1.44
  Operating System: Arch Linux
  Total Memory: 15312 MB
[2024-03-09 12:45:46,165] INFO [org.testcontainers.utility.ImageNameSubstitutor: 50] Image name substitution will be performed by: DefaultImageNameSubstitutor (composite of 'ConfigurationFileImageNameSubstitutor' and 'PrefixingImageNameSubstitutor')
[2024-03-09 12:45:46,201] INFO [org.testcontainers.utility.RegistryAuthLocator: 148] Failure when attempting to lookup auth config. Please ignore if you don't have images in an authenticated registry. Details: (dockerImageName: testcontainers/ryuk:0.3.1, configFile: /home/inkerinmaa/.docker/config.json. Falling back to docker-java default behaviour. Exception message: /home/inkerinmaa/.docker/config.json (No such file or directory)
[2024-03-09 12:45:46,588] INFO [org.testcontainers.DockerClientFactory: 209] Ryuk started - will monitor and terminate Testcontainers containers on JVM exit
[2024-03-09 12:45:46,589] INFO [org.testcontainers.DockerClientFactory: 220] Checking the system...
[2024-03-09 12:45:46,589] INFO [org.testcontainers.DockerClientFactory: 294]  Docker server version should be at least 1.6.0
[2024-03-09 12:45:46,668] INFO [org.testcontainers.DockerClientFactory: 294]  Docker environment should have more than 2GB free disk space
[2024-03-09 12:45:46,677] INFO [ [postgres:13]: 361] Creating container for image: postgres:13
[2024-03-09 12:45:46,707] INFO [ [postgres:13]: 422] Starting container with ID: 22c333cf84b3ec034d83199cddac68a189333624060ff76abc28688dec5a7ddb
[2024-03-09 12:45:46,962] INFO [ [postgres:13]: 426] Container postgres:13 is starting: 22c333cf84b3ec034d83199cddac68a189333624060ff76abc28688dec5a7ddb
[2024-03-09 12:45:47,906] INFO [ [postgres:13]: 501] Container postgres:13 started in PT1.236421093S
[2024-03-09 12:45:47,956] INFO [org.hibernate.Version: 44] HHH000412: Hibernate ORM core version 6.4.4.Final
[2024-03-09 12:45:48,146] INFO [org.hibernate.cache.internal.RegionFactoryInitiator: 50] HHH000026: Second-level cache disabled
[2024-03-09 12:45:48,215] WARN [org.hibernate.orm.connections.pooling: 81] HHH10001002: Using built-in connection pool (not intended for production use)
[2024-03-09 12:45:48,217] INFO [org.hibernate.orm.connections.pooling: 136] HHH10001005: Loaded JDBC driver class: org.h2.Driver
[2024-03-09 12:45:48,217] INFO [org.hibernate.orm.connections.pooling: 158] HHH10001012: Connecting with JDBC URL [jdbc:h2:mem:test_mem]
[2024-03-09 12:45:48,218] INFO [org.hibernate.orm.connections.pooling: 167] HHH10001001: Connection properties: {password=****, user=}
[2024-03-09 12:45:48,218] INFO [org.hibernate.orm.connections.pooling: 171] HHH10001003: Autocommit mode: false
[2024-03-09 12:45:48,221] INFO [org.hibernate.orm.connections.pooling: 371] HHH10001115: Connection pool size: 20 (min=1)
[2024-03-09 12:45:48,331] WARN [org.hibernate.orm.deprecation: 153] HHH90000025: H2Dialect does not need to be specified explicitly using 'hibernate.dialect' (remove the property setting and it will be selected by default)
[2024-03-09 12:45:49,297] INFO [org.hibernate.engine.transaction.jta.platform.internal.JtaPlatformInitiator: 58] HHH000489: No JTA platform available (set 'hibernate.transaction.jta.platform' to enable JTA platform integration)
[2024-03-09 12:45:49,309] INFO [org.hibernate.orm.connections.access: 52] HHH10001501: Connection obtained from JdbcConnectionAccess [org.hibernate.engine.jdbc.env.internal.JdbcEnvironmentInitiator$ConnectionProviderJdbcConnectionAccess@2c02a007] for (non-JTA) DDL execution was not in auto-commit mode; the Connection 'local transaction' will be committed and the Connection will be set into auto-commit mode.
[2024-03-09 12:45:49,317] INFO [org.hibernate.orm.connections.access: 52] HHH10001501: Connection obtained from JdbcConnectionAccess [org.hibernate.engine.jdbc.env.internal.JdbcEnvironmentInitiator$ConnectionProviderJdbcConnectionAccess@2a510e0e] for (non-JTA) DDL execution was not in auto-commit mode; the Connection 'local transaction' will be committed and the Connection will be set into auto-commit mode.
[2024-03-09 12:45:49,956] INFO [org.hibernate.orm.connections.pooling: 606] HHH10001008: Cleaning up connection pool [jdbc:h2:mem:test_mem]
[2024-03-09 14:11:36,856] INFO [org.testcontainers.dockerclient.DockerClientProviderStrategy: 136] Loaded org.testcontainers.dockerclient.UnixSocketClientProviderStrategy from ~/.testcontainers.properties, will try it first
[2024-03-09 14:11:37,198] INFO [org.testcontainers.dockerclient.DockerClientProviderStrategy: 158] Found Docker environment with local Unix socket (unix:///var/run/docker.sock)
[2024-03-09 14:11:37,199] INFO [org.testcontainers.DockerClientFactory: 179] Docker host IP address is localhost
[2024-03-09 14:11:37,222] INFO [org.testcontainers.DockerClientFactory: 191] Connected to docker: 
  Server Version: 25.0.3
  API Version: 1.44
  Operating System: Arch Linux
  Total Memory: 15312 MB
[2024-03-09 14:11:37,225] INFO [org.testcontainers.utility.ImageNameSubstitutor: 50] Image name substitution will be performed by: DefaultImageNameSubstitutor (composite of 'ConfigurationFileImageNameSubstitutor' and 'PrefixingImageNameSubstitutor')
[2024-03-09 14:11:37,258] INFO [org.testcontainers.utility.RegistryAuthLocator: 148] Failure when attempting to lookup auth config. Please ignore if you don't have images in an authenticated registry. Details: (dockerImageName: testcontainers/ryuk:0.3.1, configFile: /home/inkerinmaa/.docker/config.json. Falling back to docker-java default behaviour. Exception message: /home/inkerinmaa/.docker/config.json (No such file or directory)
[2024-03-09 14:11:37,620] INFO [org.testcontainers.DockerClientFactory: 209] Ryuk started - will monitor and terminate Testcontainers containers on JVM exit
[2024-03-09 14:11:37,621] INFO [org.testcontainers.DockerClientFactory: 220] Checking the system...
[2024-03-09 14:11:37,622] INFO [org.testcontainers.DockerClientFactory: 294]  Docker server version should be at least 1.6.0
[2024-03-09 14:11:37,689] INFO [org.testcontainers.DockerClientFactory: 294]  Docker environment should have more than 2GB free disk space
[2024-03-09 14:11:37,698] INFO [ [postgres:13]: 361] Creating container for image: postgres:13
[2024-03-09 14:11:37,727] INFO [ [postgres:13]: 422] Starting container with ID: bd58bc8a379ade9c48e0e82bcba317314624afc0c16a493962b2f346c95ec2fa
[2024-03-09 14:11:37,977] INFO [ [postgres:13]: 426] Container postgres:13 is starting: bd58bc8a379ade9c48e0e82bcba317314624afc0c16a493962b2f346c95ec2fa
[2024-03-09 14:11:38,922] INFO [ [postgres:13]: 501] Container postgres:13 started in PT1.231978838S
[2024-03-09 14:11:38,971] INFO [org.hibernate.Version: 44] HHH000412: Hibernate ORM core version 6.4.4.Final
[2024-03-09 14:11:39,150] INFO [org.hibernate.cache.internal.RegionFactoryInitiator: 50] HHH000026: Second-level cache disabled
[2024-03-09 14:11:39,217] WARN [org.hibernate.orm.connections.pooling: 81] HHH10001002: Using built-in connection pool (not intended for production use)
[2024-03-09 14:11:39,220] INFO [org.hibernate.orm.connections.pooling: 136] HHH10001005: Loaded JDBC driver class: org.h2.Driver
[2024-03-09 14:11:39,220] INFO [org.hibernate.orm.connections.pooling: 158] HHH10001012: Connecting with JDBC URL [jdbc:h2:mem:test_mem]
[2024-03-09 14:11:39,220] INFO [org.hibernate.orm.connections.pooling: 167] HHH10001001: Connection properties: {password=****, user=}
[2024-03-09 14:11:39,221] INFO [org.hibernate.orm.connections.pooling: 171] HHH10001003: Autocommit mode: false
[2024-03-09 14:11:39,222] INFO [org.hibernate.orm.connections.pooling: 371] HHH10001115: Connection pool size: 20 (min=1)
[2024-03-09 14:11:39,331] WARN [org.hibernate.orm.deprecation: 153] HHH90000025: H2Dialect does not need to be specified explicitly using 'hibernate.dialect' (remove the property setting and it will be selected by default)
[2024-03-09 14:11:40,399] INFO [org.hibernate.engine.transaction.jta.platform.internal.JtaPlatformInitiator: 58] HHH000489: No JTA platform available (set 'hibernate.transaction.jta.platform' to enable JTA platform integration)
[2024-03-09 14:11:40,411] INFO [org.hibernate.orm.connections.access: 52] HHH10001501: Connection obtained from JdbcConnectionAccess [org.hibernate.engine.jdbc.env.internal.JdbcEnvironmentInitiator$ConnectionProviderJdbcConnectionAccess@7323c38c] for (non-JTA) DDL execution was not in auto-commit mode; the Connection 'local transaction' will be committed and the Connection will be set into auto-commit mode.
[2024-03-09 14:11:40,420] INFO [org.hibernate.orm.connections.access: 52] HHH10001501: Connection obtained from JdbcConnectionAccess [org.hibernate.engine.jdbc.env.internal.JdbcEnvironmentInitiator$ConnectionProviderJdbcConnectionAccess@18dbc1b] for (non-JTA) DDL execution was not in auto-commit mode; the Connection 'local transaction' will be committed and the Connection will be set into auto-commit mode.
[2024-03-09 14:11:40,802] INFO [org.hibernate.orm.connections.pooling: 606] HHH10001008: Cleaning up connection pool [jdbc:h2:mem:test_mem]
